ARM GAS  C:\Users\blue\AppData\Local\Temp\cc43rRte.s 			page 1


   1              		.cpu cortex-m7
   2              		.arch armv7e-m
   3              		.fpu fpv5-d16
   4              		.eabi_attribute 28, 1
   5              		.eabi_attribute 20, 1
   6              		.eabi_attribute 21, 1
   7              		.eabi_attribute 23, 3
   8              		.eabi_attribute 24, 1
   9              		.eabi_attribute 25, 1
  10              		.eabi_attribute 26, 1
  11              		.eabi_attribute 30, 1
  12              		.eabi_attribute 34, 1
  13              		.eabi_attribute 18, 4
  14              		.file	"arm_sin_f32.c"
  15              		.text
  16              	.Ltext0:
  17              		.cfi_sections	.debug_frame
  18              		.section	.text.arm_sin_f32,"ax",%progbits
  19              		.align	1
  20              		.global	arm_sin_f32
  21              		.syntax unified
  22              		.thumb
  23              		.thumb_func
  25              	arm_sin_f32:
  26              	.LVL0:
  27              	.LFB145:
  28              		.file 1 "Drivers/CMSIS/DSP/Source/FastMathFunctions/arm_sin_f32.c"
   1:Drivers/CMSIS/DSP/Source/FastMathFunctions/arm_sin_f32.c **** /* ----------------------------------------------------------------------
   2:Drivers/CMSIS/DSP/Source/FastMathFunctions/arm_sin_f32.c ****  * Project:      CMSIS DSP Library
   3:Drivers/CMSIS/DSP/Source/FastMathFunctions/arm_sin_f32.c ****  * Title:        arm_sin_f32.c
   4:Drivers/CMSIS/DSP/Source/FastMathFunctions/arm_sin_f32.c ****  * Description:  Fast sine calculation for floating-point values
   5:Drivers/CMSIS/DSP/Source/FastMathFunctions/arm_sin_f32.c ****  *
   6:Drivers/CMSIS/DSP/Source/FastMathFunctions/arm_sin_f32.c ****  * $Date:        18. March 2019
   7:Drivers/CMSIS/DSP/Source/FastMathFunctions/arm_sin_f32.c ****  * $Revision:    V1.6.0
   8:Drivers/CMSIS/DSP/Source/FastMathFunctions/arm_sin_f32.c ****  *
   9:Drivers/CMSIS/DSP/Source/FastMathFunctions/arm_sin_f32.c ****  * Target Processor: Cortex-M cores
  10:Drivers/CMSIS/DSP/Source/FastMathFunctions/arm_sin_f32.c ****  * -------------------------------------------------------------------- */
  11:Drivers/CMSIS/DSP/Source/FastMathFunctions/arm_sin_f32.c **** /*
  12:Drivers/CMSIS/DSP/Source/FastMathFunctions/arm_sin_f32.c ****  * Copyright (C) 2010-2019 ARM Limited or its affiliates. All rights reserved.
  13:Drivers/CMSIS/DSP/Source/FastMathFunctions/arm_sin_f32.c ****  *
  14:Drivers/CMSIS/DSP/Source/FastMathFunctions/arm_sin_f32.c ****  * SPDX-License-Identifier: Apache-2.0
  15:Drivers/CMSIS/DSP/Source/FastMathFunctions/arm_sin_f32.c ****  *
  16:Drivers/CMSIS/DSP/Source/FastMathFunctions/arm_sin_f32.c ****  * Licensed under the Apache License, Version 2.0 (the License); you may
  17:Drivers/CMSIS/DSP/Source/FastMathFunctions/arm_sin_f32.c ****  * not use this file except in compliance with the License.
  18:Drivers/CMSIS/DSP/Source/FastMathFunctions/arm_sin_f32.c ****  * You may obtain a copy of the License at
  19:Drivers/CMSIS/DSP/Source/FastMathFunctions/arm_sin_f32.c ****  *
  20:Drivers/CMSIS/DSP/Source/FastMathFunctions/arm_sin_f32.c ****  * www.apache.org/licenses/LICENSE-2.0
  21:Drivers/CMSIS/DSP/Source/FastMathFunctions/arm_sin_f32.c ****  *
  22:Drivers/CMSIS/DSP/Source/FastMathFunctions/arm_sin_f32.c ****  * Unless required by applicable law or agreed to in writing, software
  23:Drivers/CMSIS/DSP/Source/FastMathFunctions/arm_sin_f32.c ****  * distributed under the License is distributed on an AS IS BASIS, WITHOUT
  24:Drivers/CMSIS/DSP/Source/FastMathFunctions/arm_sin_f32.c ****  * WARRANTIES OR CONDITIONS OF ANY KIND, either express or implied.
  25:Drivers/CMSIS/DSP/Source/FastMathFunctions/arm_sin_f32.c ****  * See the License for the specific language governing permissions and
  26:Drivers/CMSIS/DSP/Source/FastMathFunctions/arm_sin_f32.c ****  * limitations under the License.
  27:Drivers/CMSIS/DSP/Source/FastMathFunctions/arm_sin_f32.c ****  */
  28:Drivers/CMSIS/DSP/Source/FastMathFunctions/arm_sin_f32.c **** 
  29:Drivers/CMSIS/DSP/Source/FastMathFunctions/arm_sin_f32.c **** #include "arm_math.h"
  30:Drivers/CMSIS/DSP/Source/FastMathFunctions/arm_sin_f32.c **** #include "arm_common_tables.h"
ARM GAS  C:\Users\blue\AppData\Local\Temp\cc43rRte.s 			page 2


  31:Drivers/CMSIS/DSP/Source/FastMathFunctions/arm_sin_f32.c **** 
  32:Drivers/CMSIS/DSP/Source/FastMathFunctions/arm_sin_f32.c **** /**
  33:Drivers/CMSIS/DSP/Source/FastMathFunctions/arm_sin_f32.c ****   @ingroup groupFastMath
  34:Drivers/CMSIS/DSP/Source/FastMathFunctions/arm_sin_f32.c ****  */
  35:Drivers/CMSIS/DSP/Source/FastMathFunctions/arm_sin_f32.c **** 
  36:Drivers/CMSIS/DSP/Source/FastMathFunctions/arm_sin_f32.c **** /**
  37:Drivers/CMSIS/DSP/Source/FastMathFunctions/arm_sin_f32.c ****   @defgroup sin Sine
  38:Drivers/CMSIS/DSP/Source/FastMathFunctions/arm_sin_f32.c **** 
  39:Drivers/CMSIS/DSP/Source/FastMathFunctions/arm_sin_f32.c ****   Computes the trigonometric sine function using a combination of table lookup
  40:Drivers/CMSIS/DSP/Source/FastMathFunctions/arm_sin_f32.c ****   and linear interpolation.  There are separate functions for
  41:Drivers/CMSIS/DSP/Source/FastMathFunctions/arm_sin_f32.c ****   Q15, Q31, and floating-point data types.
  42:Drivers/CMSIS/DSP/Source/FastMathFunctions/arm_sin_f32.c ****   The input to the floating-point version is in radians while the
  43:Drivers/CMSIS/DSP/Source/FastMathFunctions/arm_sin_f32.c ****   fixed-point Q15 and Q31 have a scaled input with the range
  44:Drivers/CMSIS/DSP/Source/FastMathFunctions/arm_sin_f32.c ****   [0 +0.9999] mapping to [0 2*pi).  The fixed-point range is chosen so that a
  45:Drivers/CMSIS/DSP/Source/FastMathFunctions/arm_sin_f32.c ****   value of 2*pi wraps around to 0.
  46:Drivers/CMSIS/DSP/Source/FastMathFunctions/arm_sin_f32.c **** 
  47:Drivers/CMSIS/DSP/Source/FastMathFunctions/arm_sin_f32.c ****   The implementation is based on table lookup using 256 values together with linear interpolation.
  48:Drivers/CMSIS/DSP/Source/FastMathFunctions/arm_sin_f32.c ****   The steps used are:
  49:Drivers/CMSIS/DSP/Source/FastMathFunctions/arm_sin_f32.c ****    -# Calculation of the nearest integer table index
  50:Drivers/CMSIS/DSP/Source/FastMathFunctions/arm_sin_f32.c ****    -# Compute the fractional portion (fract) of the table index.
  51:Drivers/CMSIS/DSP/Source/FastMathFunctions/arm_sin_f32.c ****    -# The final result equals <code>(1.0f-fract)*a + fract*b;</code>
  52:Drivers/CMSIS/DSP/Source/FastMathFunctions/arm_sin_f32.c **** 
  53:Drivers/CMSIS/DSP/Source/FastMathFunctions/arm_sin_f32.c ****   where
  54:Drivers/CMSIS/DSP/Source/FastMathFunctions/arm_sin_f32.c ****   <pre>
  55:Drivers/CMSIS/DSP/Source/FastMathFunctions/arm_sin_f32.c ****      b = Table[index];
  56:Drivers/CMSIS/DSP/Source/FastMathFunctions/arm_sin_f32.c ****      c = Table[index+1];
  57:Drivers/CMSIS/DSP/Source/FastMathFunctions/arm_sin_f32.c ****   </pre>
  58:Drivers/CMSIS/DSP/Source/FastMathFunctions/arm_sin_f32.c ****  */
  59:Drivers/CMSIS/DSP/Source/FastMathFunctions/arm_sin_f32.c **** 
  60:Drivers/CMSIS/DSP/Source/FastMathFunctions/arm_sin_f32.c **** /**
  61:Drivers/CMSIS/DSP/Source/FastMathFunctions/arm_sin_f32.c ****   @addtogroup sin
  62:Drivers/CMSIS/DSP/Source/FastMathFunctions/arm_sin_f32.c ****   @{
  63:Drivers/CMSIS/DSP/Source/FastMathFunctions/arm_sin_f32.c ****  */
  64:Drivers/CMSIS/DSP/Source/FastMathFunctions/arm_sin_f32.c **** 
  65:Drivers/CMSIS/DSP/Source/FastMathFunctions/arm_sin_f32.c **** /**
  66:Drivers/CMSIS/DSP/Source/FastMathFunctions/arm_sin_f32.c ****   @brief         Fast approximation to the trigonometric sine function for floating-point data.
  67:Drivers/CMSIS/DSP/Source/FastMathFunctions/arm_sin_f32.c ****   @param[in]     x  input value in radians.
  68:Drivers/CMSIS/DSP/Source/FastMathFunctions/arm_sin_f32.c ****   @return        sin(x)
  69:Drivers/CMSIS/DSP/Source/FastMathFunctions/arm_sin_f32.c ****  */
  70:Drivers/CMSIS/DSP/Source/FastMathFunctions/arm_sin_f32.c **** 
  71:Drivers/CMSIS/DSP/Source/FastMathFunctions/arm_sin_f32.c **** float32_t arm_sin_f32(
  72:Drivers/CMSIS/DSP/Source/FastMathFunctions/arm_sin_f32.c ****   float32_t x)
  73:Drivers/CMSIS/DSP/Source/FastMathFunctions/arm_sin_f32.c **** {
  29              		.loc 1 73 1 view -0
  30              		.cfi_startproc
  31              		@ args = 0, pretend = 0, frame = 0
  32              		@ frame_needed = 0, uses_anonymous_args = 0
  33              		@ link register save eliminated.
  74:Drivers/CMSIS/DSP/Source/FastMathFunctions/arm_sin_f32.c ****   float32_t sinVal, fract, in;                   /* Temporary input, output variables */
  34              		.loc 1 74 3 view .LVU1
  75:Drivers/CMSIS/DSP/Source/FastMathFunctions/arm_sin_f32.c ****   uint16_t index;                                /* Index variable */
  35              		.loc 1 75 3 view .LVU2
  76:Drivers/CMSIS/DSP/Source/FastMathFunctions/arm_sin_f32.c ****   float32_t a, b;                                /* Two nearest output values */
  36              		.loc 1 76 3 view .LVU3
  77:Drivers/CMSIS/DSP/Source/FastMathFunctions/arm_sin_f32.c ****   int32_t n;
  37              		.loc 1 77 3 view .LVU4
  78:Drivers/CMSIS/DSP/Source/FastMathFunctions/arm_sin_f32.c ****   float32_t findex;
ARM GAS  C:\Users\blue\AppData\Local\Temp\cc43rRte.s 			page 3


  38              		.loc 1 78 3 view .LVU5
  79:Drivers/CMSIS/DSP/Source/FastMathFunctions/arm_sin_f32.c **** 
  80:Drivers/CMSIS/DSP/Source/FastMathFunctions/arm_sin_f32.c ****   /* input x is in radians */
  81:Drivers/CMSIS/DSP/Source/FastMathFunctions/arm_sin_f32.c ****   /* Scale input to [0 1] range from [0 2*PI] , divide input by 2*pi */
  82:Drivers/CMSIS/DSP/Source/FastMathFunctions/arm_sin_f32.c ****   in = x * 0.159154943092f;
  39              		.loc 1 82 3 view .LVU6
  40              		.loc 1 82 6 is_stmt 0 view .LVU7
  41 0000 DFED207A 		vldr.32	s15, .L7
  42 0004 20EE270A 		vmul.f32	s0, s0, s15
  43              	.LVL1:
  83:Drivers/CMSIS/DSP/Source/FastMathFunctions/arm_sin_f32.c **** 
  84:Drivers/CMSIS/DSP/Source/FastMathFunctions/arm_sin_f32.c ****   /* Calculation of floor value of input */
  85:Drivers/CMSIS/DSP/Source/FastMathFunctions/arm_sin_f32.c ****   n = (int32_t) in;
  44              		.loc 1 85 3 is_stmt 1 view .LVU8
  45              		.loc 1 85 5 is_stmt 0 view .LVU9
  46 0008 FDEEC07A 		vcvt.s32.f32	s15, s0
  47              	.LVL2:
  86:Drivers/CMSIS/DSP/Source/FastMathFunctions/arm_sin_f32.c **** 
  87:Drivers/CMSIS/DSP/Source/FastMathFunctions/arm_sin_f32.c ****   /* Make negative values towards -infinity */
  88:Drivers/CMSIS/DSP/Source/FastMathFunctions/arm_sin_f32.c ****   if (in < 0.0f)
  48              		.loc 1 88 3 is_stmt 1 view .LVU10
  49              		.loc 1 88 6 is_stmt 0 view .LVU11
  50 000c B5EEC00A 		vcmpe.f32	s0, #0
  51 0010 F1EE10FA 		vmrs	APSR_nzcv, FPSCR
  52 0014 2FD4     		bmi	.L6
  53              	.L2:
  89:Drivers/CMSIS/DSP/Source/FastMathFunctions/arm_sin_f32.c ****   {
  90:Drivers/CMSIS/DSP/Source/FastMathFunctions/arm_sin_f32.c ****     n--;
  91:Drivers/CMSIS/DSP/Source/FastMathFunctions/arm_sin_f32.c ****   }
  92:Drivers/CMSIS/DSP/Source/FastMathFunctions/arm_sin_f32.c **** 
  93:Drivers/CMSIS/DSP/Source/FastMathFunctions/arm_sin_f32.c ****   /* Map input value to [0 1] */
  94:Drivers/CMSIS/DSP/Source/FastMathFunctions/arm_sin_f32.c ****   in = in - (float32_t) n;
  54              		.loc 1 94 3 is_stmt 1 view .LVU12
  55              		.loc 1 94 13 is_stmt 0 view .LVU13
  56 0016 F8EEE77A 		vcvt.f32.s32	s15, s15
  57              	.LVL3:
  58              		.loc 1 94 6 view .LVU14
  59 001a 30EE670A 		vsub.f32	s0, s0, s15
  60              	.LVL4:
  95:Drivers/CMSIS/DSP/Source/FastMathFunctions/arm_sin_f32.c **** 
  96:Drivers/CMSIS/DSP/Source/FastMathFunctions/arm_sin_f32.c ****   /* Calculation of index of the table */
  97:Drivers/CMSIS/DSP/Source/FastMathFunctions/arm_sin_f32.c ****   findex = (float32_t)FAST_MATH_TABLE_SIZE * in;
  61              		.loc 1 97 3 is_stmt 1 view .LVU15
  62              		.loc 1 97 10 is_stmt 0 view .LVU16
  63 001e DFED1A7A 		vldr.32	s15, .L7+4
  64 0022 20EE270A 		vmul.f32	s0, s0, s15
  65              	.LVL5:
  98:Drivers/CMSIS/DSP/Source/FastMathFunctions/arm_sin_f32.c ****   index = (uint16_t)findex;
  66              		.loc 1 98 3 is_stmt 1 view .LVU17
  67              		.loc 1 98 9 is_stmt 0 view .LVU18
  68 0026 FCEEC07A 		vcvt.u32.f32	s15, s0
  69 002a 17EE903A 		vmov	r3, s15	@ int
  70 002e 9BB2     		uxth	r3, r3
  71              	.LVL6:
  99:Drivers/CMSIS/DSP/Source/FastMathFunctions/arm_sin_f32.c **** 
 100:Drivers/CMSIS/DSP/Source/FastMathFunctions/arm_sin_f32.c ****   /* when "in" is exactly 1, we need to rotate the index down to 0 */
 101:Drivers/CMSIS/DSP/Source/FastMathFunctions/arm_sin_f32.c ****   if (index >= FAST_MATH_TABLE_SIZE) {
ARM GAS  C:\Users\blue\AppData\Local\Temp\cc43rRte.s 			page 4


  72              		.loc 1 101 3 is_stmt 1 view .LVU19
  73              		.loc 1 101 6 is_stmt 0 view .LVU20
  74 0030 B3F5007F 		cmp	r3, #512
  75 0034 04D3     		bcc	.L4
 102:Drivers/CMSIS/DSP/Source/FastMathFunctions/arm_sin_f32.c ****     index = 0;
  76              		.loc 1 102 5 is_stmt 1 view .LVU21
  77              	.LVL7:
 103:Drivers/CMSIS/DSP/Source/FastMathFunctions/arm_sin_f32.c ****     findex -= (float32_t)FAST_MATH_TABLE_SIZE;
  78              		.loc 1 103 5 view .LVU22
  79              		.loc 1 103 12 is_stmt 0 view .LVU23
  80 0036 DFED147A 		vldr.32	s15, .L7+4
  81 003a 30EE670A 		vsub.f32	s0, s0, s15
  82              	.LVL8:
 102:Drivers/CMSIS/DSP/Source/FastMathFunctions/arm_sin_f32.c ****     index = 0;
  83              		.loc 1 102 11 view .LVU24
  84 003e 0023     		movs	r3, #0
  85              	.LVL9:
  86              	.L4:
 104:Drivers/CMSIS/DSP/Source/FastMathFunctions/arm_sin_f32.c ****   }
 105:Drivers/CMSIS/DSP/Source/FastMathFunctions/arm_sin_f32.c **** 
 106:Drivers/CMSIS/DSP/Source/FastMathFunctions/arm_sin_f32.c ****   /* fractional value calculation */
 107:Drivers/CMSIS/DSP/Source/FastMathFunctions/arm_sin_f32.c ****   fract = findex - (float32_t) index;
  87              		.loc 1 107 3 is_stmt 1 view .LVU25
  88              		.loc 1 107 20 is_stmt 0 view .LVU26
  89 0040 07EE903A 		vmov	s15, r3	@ int
  90 0044 F8EE677A 		vcvt.f32.u32	s15, s15
  91              		.loc 1 107 9 view .LVU27
  92 0048 30EE670A 		vsub.f32	s0, s0, s15
  93              	.LVL10:
 108:Drivers/CMSIS/DSP/Source/FastMathFunctions/arm_sin_f32.c **** 
 109:Drivers/CMSIS/DSP/Source/FastMathFunctions/arm_sin_f32.c ****   /* Read two nearest values of input value from the sin table */
 110:Drivers/CMSIS/DSP/Source/FastMathFunctions/arm_sin_f32.c ****   a = sinTable_f32[index];
  94              		.loc 1 110 3 is_stmt 1 view .LVU28
  95              		.loc 1 110 5 is_stmt 0 view .LVU29
  96 004c 0F4A     		ldr	r2, .L7+8
  97 004e 02EB8301 		add	r1, r2, r3, lsl #2
  98 0052 D1ED006A 		vldr.32	s13, [r1]
  99              	.LVL11:
 111:Drivers/CMSIS/DSP/Source/FastMathFunctions/arm_sin_f32.c ****   b = sinTable_f32[index+1];
 100              		.loc 1 111 3 is_stmt 1 view .LVU30
 101              		.loc 1 111 25 is_stmt 0 view .LVU31
 102 0056 0133     		adds	r3, r3, #1
 103              	.LVL12:
 104              		.loc 1 111 5 view .LVU32
 105 0058 02EB8303 		add	r3, r2, r3, lsl #2
 106 005c 93ED007A 		vldr.32	s14, [r3]
 107              	.LVL13:
 112:Drivers/CMSIS/DSP/Source/FastMathFunctions/arm_sin_f32.c **** 
 113:Drivers/CMSIS/DSP/Source/FastMathFunctions/arm_sin_f32.c ****   /* Linear interpolation process */
 114:Drivers/CMSIS/DSP/Source/FastMathFunctions/arm_sin_f32.c ****   sinVal = (1.0f - fract) * a + fract * b;
 108              		.loc 1 114 3 is_stmt 1 view .LVU33
 109              		.loc 1 114 18 is_stmt 0 view .LVU34
 110 0060 F7EE007A 		vmov.f32	s15, #1.0e+0
 111 0064 77EEC07A 		vsub.f32	s15, s15, s0
 112              		.loc 1 114 27 view .LVU35
 113 0068 67EEA67A 		vmul.f32	s15, s15, s13
 114              		.loc 1 114 39 view .LVU36
ARM GAS  C:\Users\blue\AppData\Local\Temp\cc43rRte.s 			page 5


 115 006c 20EE070A 		vmul.f32	s0, s0, s14
 116              	.LVL14:
 115:Drivers/CMSIS/DSP/Source/FastMathFunctions/arm_sin_f32.c **** 
 116:Drivers/CMSIS/DSP/Source/FastMathFunctions/arm_sin_f32.c ****   /* Return output value */
 117:Drivers/CMSIS/DSP/Source/FastMathFunctions/arm_sin_f32.c ****   return (sinVal);
 117              		.loc 1 117 3 is_stmt 1 view .LVU37
 118:Drivers/CMSIS/DSP/Source/FastMathFunctions/arm_sin_f32.c **** }
 118              		.loc 1 118 1 is_stmt 0 view .LVU38
 119 0070 37EE800A 		vadd.f32	s0, s15, s0
 120              	.LVL15:
 121              		.loc 1 118 1 view .LVU39
 122 0074 7047     		bx	lr
 123              	.LVL16:
 124              	.L6:
  90:Drivers/CMSIS/DSP/Source/FastMathFunctions/arm_sin_f32.c ****   }
 125              		.loc 1 90 5 is_stmt 1 view .LVU40
  90:Drivers/CMSIS/DSP/Source/FastMathFunctions/arm_sin_f32.c ****   }
 126              		.loc 1 90 6 is_stmt 0 view .LVU41
 127 0076 17EE903A 		vmov	r3, s15	@ int
 128 007a 013B     		subs	r3, r3, #1
 129 007c 07EE903A 		vmov	s15, r3	@ int
 130              	.LVL17:
  90:Drivers/CMSIS/DSP/Source/FastMathFunctions/arm_sin_f32.c ****   }
 131              		.loc 1 90 6 view .LVU42
 132 0080 C9E7     		b	.L2
 133              	.L8:
 134 0082 00BF     		.align	2
 135              	.L7:
 136 0084 83F9223E 		.word	1042479491
 137 0088 00000044 		.word	1140850688
 138 008c 00000000 		.word	sinTable_f32
 139              		.cfi_endproc
 140              	.LFE145:
 142              		.text
 143              	.Letext0:
 144              		.file 2 "d:\\rm\\arm-gnu-toolchian\\arm-none-eabi\\include\\machine\\_default_types.h"
 145              		.file 3 "d:\\rm\\arm-gnu-toolchian\\arm-none-eabi\\include\\sys\\_stdint.h"
 146              		.file 4 "Drivers/CMSIS/DSP/Include/arm_math.h"
 147              		.file 5 "Drivers/CMSIS/DSP/Include/arm_common_tables.h"
ARM GAS  C:\Users\blue\AppData\Local\Temp\cc43rRte.s 			page 6


DEFINED SYMBOLS
                            *ABS*:00000000 arm_sin_f32.c
C:\Users\blue\AppData\Local\Temp\cc43rRte.s:19     .text.arm_sin_f32:00000000 $t
C:\Users\blue\AppData\Local\Temp\cc43rRte.s:25     .text.arm_sin_f32:00000000 arm_sin_f32
C:\Users\blue\AppData\Local\Temp\cc43rRte.s:136    .text.arm_sin_f32:00000084 $d

UNDEFINED SYMBOLS
sinTable_f32
