ARM GAS  C:\Users\blue\AppData\Local\Temp\ccfLeWkc.s 			page 1


   1              		.cpu cortex-m7
   2              		.arch armv7e-m
   3              		.fpu fpv5-d16
   4              		.eabi_attribute 28, 1
   5              		.eabi_attribute 20, 1
   6              		.eabi_attribute 21, 1
   7              		.eabi_attribute 23, 3
   8              		.eabi_attribute 24, 1
   9              		.eabi_attribute 25, 1
  10              		.eabi_attribute 26, 1
  11              		.eabi_attribute 30, 1
  12              		.eabi_attribute 34, 1
  13              		.eabi_attribute 18, 4
  14              		.file	"gpio.c"
  15              		.text
  16              	.Ltext0:
  17              		.cfi_sections	.debug_frame
  18              		.section	.text.MX_GPIO_Init,"ax",%progbits
  19              		.align	1
  20              		.global	MX_GPIO_Init
  21              		.syntax unified
  22              		.thumb
  23              		.thumb_func
  25              	MX_GPIO_Init:
  26              	.LFB144:
  27              		.file 1 "Core/Src/gpio.c"
   1:Core/Src/gpio.c **** /* USER CODE BEGIN Header */
   2:Core/Src/gpio.c **** /**
   3:Core/Src/gpio.c ****  ******************************************************************************
   4:Core/Src/gpio.c ****  * @file    gpio.c
   5:Core/Src/gpio.c ****  * @brief   This file provides code for the configuration
   6:Core/Src/gpio.c ****  *          of all used GPIO pins.
   7:Core/Src/gpio.c ****  ******************************************************************************
   8:Core/Src/gpio.c ****  * @attention
   9:Core/Src/gpio.c ****  *
  10:Core/Src/gpio.c ****  * Copyright (c) 2024 STMicroelectronics.
  11:Core/Src/gpio.c ****  * All rights reserved.
  12:Core/Src/gpio.c ****  *
  13:Core/Src/gpio.c ****  * This software is licensed under terms that can be found in the LICENSE file
  14:Core/Src/gpio.c ****  * in the root directory of this software component.
  15:Core/Src/gpio.c ****  * If no LICENSE file comes with this software, it is provided AS-IS.
  16:Core/Src/gpio.c ****  *
  17:Core/Src/gpio.c ****  ******************************************************************************
  18:Core/Src/gpio.c ****  */
  19:Core/Src/gpio.c **** /* USER CODE END Header */
  20:Core/Src/gpio.c **** 
  21:Core/Src/gpio.c **** /* Includes ------------------------------------------------------------------*/
  22:Core/Src/gpio.c **** #include "gpio.h"
  23:Core/Src/gpio.c **** 
  24:Core/Src/gpio.c **** /* USER CODE BEGIN 0 */
  25:Core/Src/gpio.c **** 
  26:Core/Src/gpio.c **** /* USER CODE END 0 */
  27:Core/Src/gpio.c **** 
  28:Core/Src/gpio.c **** /*----------------------------------------------------------------------------*/
  29:Core/Src/gpio.c **** /* Configure GPIO                                                             */
  30:Core/Src/gpio.c **** /*----------------------------------------------------------------------------*/
  31:Core/Src/gpio.c **** /* USER CODE BEGIN 1 */
ARM GAS  C:\Users\blue\AppData\Local\Temp\ccfLeWkc.s 			page 2


  32:Core/Src/gpio.c **** 
  33:Core/Src/gpio.c **** /* USER CODE END 1 */
  34:Core/Src/gpio.c **** 
  35:Core/Src/gpio.c **** /** Configure pins
  36:Core/Src/gpio.c ****      PA14 (JTCK/SWCLK)   ------> DEBUG_JTCK-SWCLK
  37:Core/Src/gpio.c ****      PC15-OSC32_OUT (OSC32_OUT)   ------> RCC_OSC32_OUT
  38:Core/Src/gpio.c ****      PC14-OSC32_IN (OSC32_IN)   ------> RCC_OSC32_IN
  39:Core/Src/gpio.c ****      PA13 (JTMS/SWDIO)   ------> DEBUG_JTMS-SWDIO
  40:Core/Src/gpio.c ****      PH1-OSC_OUT (PH1)   ------> RCC_OSC_OUT
  41:Core/Src/gpio.c ****      PH0-OSC_IN (PH0)   ------> RCC_OSC_IN
  42:Core/Src/gpio.c **** */
  43:Core/Src/gpio.c **** void MX_GPIO_Init(void)
  44:Core/Src/gpio.c **** {
  28              		.loc 1 44 1 view -0
  29              		.cfi_startproc
  30              		@ args = 0, pretend = 0, frame = 64
  31              		@ frame_needed = 0, uses_anonymous_args = 0
  32 0000 30B5     		push	{r4, r5, lr}
  33              	.LCFI0:
  34              		.cfi_def_cfa_offset 12
  35              		.cfi_offset 4, -12
  36              		.cfi_offset 5, -8
  37              		.cfi_offset 14, -4
  38 0002 91B0     		sub	sp, sp, #68
  39              	.LCFI1:
  40              		.cfi_def_cfa_offset 80
  45:Core/Src/gpio.c **** 
  46:Core/Src/gpio.c ****   GPIO_InitTypeDef GPIO_InitStruct = {0};
  41              		.loc 1 46 3 view .LVU1
  42              		.loc 1 46 20 is_stmt 0 view .LVU2
  43 0004 0024     		movs	r4, #0
  44 0006 0B94     		str	r4, [sp, #44]
  45 0008 0C94     		str	r4, [sp, #48]
  46 000a 0D94     		str	r4, [sp, #52]
  47 000c 0E94     		str	r4, [sp, #56]
  48 000e 0F94     		str	r4, [sp, #60]
  47:Core/Src/gpio.c **** 
  48:Core/Src/gpio.c ****   /* GPIO Ports Clock Enable */
  49:Core/Src/gpio.c ****   __HAL_RCC_GPIOI_CLK_ENABLE();
  49              		.loc 1 49 3 is_stmt 1 view .LVU3
  50              	.LBB2:
  51              		.loc 1 49 3 view .LVU4
  52              		.loc 1 49 3 view .LVU5
  53 0010 734B     		ldr	r3, .L3
  54 0012 D3F8E020 		ldr	r2, [r3, #224]
  55 0016 42F48072 		orr	r2, r2, #256
  56 001a C3F8E020 		str	r2, [r3, #224]
  57              		.loc 1 49 3 view .LVU6
  58 001e D3F8E020 		ldr	r2, [r3, #224]
  59 0022 02F48072 		and	r2, r2, #256
  60 0026 0092     		str	r2, [sp]
  61              		.loc 1 49 3 view .LVU7
  62 0028 009A     		ldr	r2, [sp]
  63              	.LBE2:
  64              		.loc 1 49 3 view .LVU8
  50:Core/Src/gpio.c ****   __HAL_RCC_GPIOB_CLK_ENABLE();
  65              		.loc 1 50 3 view .LVU9
ARM GAS  C:\Users\blue\AppData\Local\Temp\ccfLeWkc.s 			page 3


  66              	.LBB3:
  67              		.loc 1 50 3 view .LVU10
  68              		.loc 1 50 3 view .LVU11
  69 002a D3F8E020 		ldr	r2, [r3, #224]
  70 002e 42F00202 		orr	r2, r2, #2
  71 0032 C3F8E020 		str	r2, [r3, #224]
  72              		.loc 1 50 3 view .LVU12
  73 0036 D3F8E020 		ldr	r2, [r3, #224]
  74 003a 02F00202 		and	r2, r2, #2
  75 003e 0192     		str	r2, [sp, #4]
  76              		.loc 1 50 3 view .LVU13
  77 0040 019A     		ldr	r2, [sp, #4]
  78              	.LBE3:
  79              		.loc 1 50 3 view .LVU14
  51:Core/Src/gpio.c ****   __HAL_RCC_GPIOK_CLK_ENABLE();
  80              		.loc 1 51 3 view .LVU15
  81              	.LBB4:
  82              		.loc 1 51 3 view .LVU16
  83              		.loc 1 51 3 view .LVU17
  84 0042 D3F8E020 		ldr	r2, [r3, #224]
  85 0046 42F48062 		orr	r2, r2, #1024
  86 004a C3F8E020 		str	r2, [r3, #224]
  87              		.loc 1 51 3 view .LVU18
  88 004e D3F8E020 		ldr	r2, [r3, #224]
  89 0052 02F48062 		and	r2, r2, #1024
  90 0056 0292     		str	r2, [sp, #8]
  91              		.loc 1 51 3 view .LVU19
  92 0058 029A     		ldr	r2, [sp, #8]
  93              	.LBE4:
  94              		.loc 1 51 3 view .LVU20
  52:Core/Src/gpio.c ****   __HAL_RCC_GPIOG_CLK_ENABLE();
  95              		.loc 1 52 3 view .LVU21
  96              	.LBB5:
  97              		.loc 1 52 3 view .LVU22
  98              		.loc 1 52 3 view .LVU23
  99 005a D3F8E020 		ldr	r2, [r3, #224]
 100 005e 42F04002 		orr	r2, r2, #64
 101 0062 C3F8E020 		str	r2, [r3, #224]
 102              		.loc 1 52 3 view .LVU24
 103 0066 D3F8E020 		ldr	r2, [r3, #224]
 104 006a 02F04002 		and	r2, r2, #64
 105 006e 0392     		str	r2, [sp, #12]
 106              		.loc 1 52 3 view .LVU25
 107 0070 039A     		ldr	r2, [sp, #12]
 108              	.LBE5:
 109              		.loc 1 52 3 view .LVU26
  53:Core/Src/gpio.c ****   __HAL_RCC_GPIOD_CLK_ENABLE();
 110              		.loc 1 53 3 view .LVU27
 111              	.LBB6:
 112              		.loc 1 53 3 view .LVU28
 113              		.loc 1 53 3 view .LVU29
 114 0072 D3F8E020 		ldr	r2, [r3, #224]
 115 0076 42F00802 		orr	r2, r2, #8
 116 007a C3F8E020 		str	r2, [r3, #224]
 117              		.loc 1 53 3 view .LVU30
 118 007e D3F8E020 		ldr	r2, [r3, #224]
 119 0082 02F00802 		and	r2, r2, #8
ARM GAS  C:\Users\blue\AppData\Local\Temp\ccfLeWkc.s 			page 4


 120 0086 0492     		str	r2, [sp, #16]
 121              		.loc 1 53 3 view .LVU31
 122 0088 049A     		ldr	r2, [sp, #16]
 123              	.LBE6:
 124              		.loc 1 53 3 view .LVU32
  54:Core/Src/gpio.c ****   __HAL_RCC_GPIOC_CLK_ENABLE();
 125              		.loc 1 54 3 view .LVU33
 126              	.LBB7:
 127              		.loc 1 54 3 view .LVU34
 128              		.loc 1 54 3 view .LVU35
 129 008a D3F8E020 		ldr	r2, [r3, #224]
 130 008e 42F00402 		orr	r2, r2, #4
 131 0092 C3F8E020 		str	r2, [r3, #224]
 132              		.loc 1 54 3 view .LVU36
 133 0096 D3F8E020 		ldr	r2, [r3, #224]
 134 009a 02F00402 		and	r2, r2, #4
 135 009e 0592     		str	r2, [sp, #20]
 136              		.loc 1 54 3 view .LVU37
 137 00a0 059A     		ldr	r2, [sp, #20]
 138              	.LBE7:
 139              		.loc 1 54 3 view .LVU38
  55:Core/Src/gpio.c ****   __HAL_RCC_GPIOA_CLK_ENABLE();
 140              		.loc 1 55 3 view .LVU39
 141              	.LBB8:
 142              		.loc 1 55 3 view .LVU40
 143              		.loc 1 55 3 view .LVU41
 144 00a2 D3F8E020 		ldr	r2, [r3, #224]
 145 00a6 42F00102 		orr	r2, r2, #1
 146 00aa C3F8E020 		str	r2, [r3, #224]
 147              		.loc 1 55 3 view .LVU42
 148 00ae D3F8E020 		ldr	r2, [r3, #224]
 149 00b2 02F00102 		and	r2, r2, #1
 150 00b6 0692     		str	r2, [sp, #24]
 151              		.loc 1 55 3 view .LVU43
 152 00b8 069A     		ldr	r2, [sp, #24]
 153              	.LBE8:
 154              		.loc 1 55 3 view .LVU44
  56:Core/Src/gpio.c ****   __HAL_RCC_GPIOE_CLK_ENABLE();
 155              		.loc 1 56 3 view .LVU45
 156              	.LBB9:
 157              		.loc 1 56 3 view .LVU46
 158              		.loc 1 56 3 view .LVU47
 159 00ba D3F8E020 		ldr	r2, [r3, #224]
 160 00be 42F01002 		orr	r2, r2, #16
 161 00c2 C3F8E020 		str	r2, [r3, #224]
 162              		.loc 1 56 3 view .LVU48
 163 00c6 D3F8E020 		ldr	r2, [r3, #224]
 164 00ca 02F01002 		and	r2, r2, #16
 165 00ce 0792     		str	r2, [sp, #28]
 166              		.loc 1 56 3 view .LVU49
 167 00d0 079A     		ldr	r2, [sp, #28]
 168              	.LBE9:
 169              		.loc 1 56 3 view .LVU50
  57:Core/Src/gpio.c ****   __HAL_RCC_GPIOJ_CLK_ENABLE();
 170              		.loc 1 57 3 view .LVU51
 171              	.LBB10:
 172              		.loc 1 57 3 view .LVU52
ARM GAS  C:\Users\blue\AppData\Local\Temp\ccfLeWkc.s 			page 5


 173              		.loc 1 57 3 view .LVU53
 174 00d2 D3F8E020 		ldr	r2, [r3, #224]
 175 00d6 42F40072 		orr	r2, r2, #512
 176 00da C3F8E020 		str	r2, [r3, #224]
 177              		.loc 1 57 3 view .LVU54
 178 00de D3F8E020 		ldr	r2, [r3, #224]
 179 00e2 02F40072 		and	r2, r2, #512
 180 00e6 0892     		str	r2, [sp, #32]
 181              		.loc 1 57 3 view .LVU55
 182 00e8 089A     		ldr	r2, [sp, #32]
 183              	.LBE10:
 184              		.loc 1 57 3 view .LVU56
  58:Core/Src/gpio.c ****   __HAL_RCC_GPIOH_CLK_ENABLE();
 185              		.loc 1 58 3 view .LVU57
 186              	.LBB11:
 187              		.loc 1 58 3 view .LVU58
 188              		.loc 1 58 3 view .LVU59
 189 00ea D3F8E020 		ldr	r2, [r3, #224]
 190 00ee 42F08002 		orr	r2, r2, #128
 191 00f2 C3F8E020 		str	r2, [r3, #224]
 192              		.loc 1 58 3 view .LVU60
 193 00f6 D3F8E020 		ldr	r2, [r3, #224]
 194 00fa 02F08002 		and	r2, r2, #128
 195 00fe 0992     		str	r2, [sp, #36]
 196              		.loc 1 58 3 view .LVU61
 197 0100 099A     		ldr	r2, [sp, #36]
 198              	.LBE11:
 199              		.loc 1 58 3 view .LVU62
  59:Core/Src/gpio.c ****   __HAL_RCC_GPIOF_CLK_ENABLE();
 200              		.loc 1 59 3 view .LVU63
 201              	.LBB12:
 202              		.loc 1 59 3 view .LVU64
 203              		.loc 1 59 3 view .LVU65
 204 0102 D3F8E020 		ldr	r2, [r3, #224]
 205 0106 42F02002 		orr	r2, r2, #32
 206 010a C3F8E020 		str	r2, [r3, #224]
 207              		.loc 1 59 3 view .LVU66
 208 010e D3F8E030 		ldr	r3, [r3, #224]
 209 0112 03F02003 		and	r3, r3, #32
 210 0116 0A93     		str	r3, [sp, #40]
 211              		.loc 1 59 3 view .LVU67
 212 0118 0A9B     		ldr	r3, [sp, #40]
 213              	.LBE12:
 214              		.loc 1 59 3 view .LVU68
  60:Core/Src/gpio.c **** 
  61:Core/Src/gpio.c ****   /*Configure GPIO pins : PI4 PI1 PI0 PI2
  62:Core/Src/gpio.c ****                            PI3 PI9 PI8 PI10
  63:Core/Src/gpio.c ****                            PI11 */
  64:Core/Src/gpio.c ****   GPIO_InitStruct.Pin = GPIO_PIN_4|GPIO_PIN_1|GPIO_PIN_0|GPIO_PIN_2
 215              		.loc 1 64 3 view .LVU69
 216              		.loc 1 64 23 is_stmt 0 view .LVU70
 217 011a 40F61F73 		movw	r3, #3871
 218 011e 0B93     		str	r3, [sp, #44]
  65:Core/Src/gpio.c ****                           |GPIO_PIN_3|GPIO_PIN_9|GPIO_PIN_8|GPIO_PIN_10
  66:Core/Src/gpio.c ****                           |GPIO_PIN_11;
  67:Core/Src/gpio.c ****   GPIO_InitStruct.Mode = GPIO_MODE_ANALOG;
 219              		.loc 1 67 3 is_stmt 1 view .LVU71
ARM GAS  C:\Users\blue\AppData\Local\Temp\ccfLeWkc.s 			page 6


 220              		.loc 1 67 24 is_stmt 0 view .LVU72
 221 0120 0325     		movs	r5, #3
 222 0122 0C95     		str	r5, [sp, #48]
  68:Core/Src/gpio.c ****   GPIO_InitStruct.Pull = GPIO_NOPULL;
 223              		.loc 1 68 3 is_stmt 1 view .LVU73
  69:Core/Src/gpio.c ****   HAL_GPIO_Init(GPIOI, &GPIO_InitStruct);
 224              		.loc 1 69 3 view .LVU74
 225 0124 0BA9     		add	r1, sp, #44
 226 0126 2F48     		ldr	r0, .L3+4
 227 0128 FFF7FEFF 		bl	HAL_GPIO_Init
 228              	.LVL0:
  70:Core/Src/gpio.c **** 
  71:Core/Src/gpio.c ****   /*Configure GPIO pins : PD4 PD3 PD7 PD11
  72:Core/Src/gpio.c ****                            PD12 PD13 */
  73:Core/Src/gpio.c ****   GPIO_InitStruct.Pin = GPIO_PIN_4|GPIO_PIN_3|GPIO_PIN_7|GPIO_PIN_11
 229              		.loc 1 73 3 view .LVU75
 230              		.loc 1 73 23 is_stmt 0 view .LVU76
 231 012c 43F69803 		movw	r3, #14488
 232 0130 0B93     		str	r3, [sp, #44]
  74:Core/Src/gpio.c ****                           |GPIO_PIN_12|GPIO_PIN_13;
  75:Core/Src/gpio.c ****   GPIO_InitStruct.Mode = GPIO_MODE_ANALOG;
 233              		.loc 1 75 3 is_stmt 1 view .LVU77
 234              		.loc 1 75 24 is_stmt 0 view .LVU78
 235 0132 0C95     		str	r5, [sp, #48]
  76:Core/Src/gpio.c ****   GPIO_InitStruct.Pull = GPIO_NOPULL;
 236              		.loc 1 76 3 is_stmt 1 view .LVU79
 237              		.loc 1 76 24 is_stmt 0 view .LVU80
 238 0134 0D94     		str	r4, [sp, #52]
  77:Core/Src/gpio.c ****   HAL_GPIO_Init(GPIOD, &GPIO_InitStruct);
 239              		.loc 1 77 3 is_stmt 1 view .LVU81
 240 0136 0BA9     		add	r1, sp, #44
 241 0138 2B48     		ldr	r0, .L3+8
 242 013a FFF7FEFF 		bl	HAL_GPIO_Init
 243              	.LVL1:
  78:Core/Src/gpio.c **** 
  79:Core/Src/gpio.c ****   /*Configure GPIO pins : PC10 PC11 PC13 PC8
  80:Core/Src/gpio.c ****                            PC9 PC7 PC6 PC1
  81:Core/Src/gpio.c ****                            PC2 PC3 PC4 PC5 */
  82:Core/Src/gpio.c ****   GPIO_InitStruct.Pin = GPIO_PIN_10|GPIO_PIN_11|GPIO_PIN_13|GPIO_PIN_8
 244              		.loc 1 82 3 view .LVU82
 245              		.loc 1 82 23 is_stmt 0 view .LVU83
 246 013e 42F6FE73 		movw	r3, #12286
 247 0142 0B93     		str	r3, [sp, #44]
  83:Core/Src/gpio.c ****                           |GPIO_PIN_9|GPIO_PIN_7|GPIO_PIN_6|GPIO_PIN_1
  84:Core/Src/gpio.c ****                           |GPIO_PIN_2|GPIO_PIN_3|GPIO_PIN_4|GPIO_PIN_5;
  85:Core/Src/gpio.c ****   GPIO_InitStruct.Mode = GPIO_MODE_ANALOG;
 248              		.loc 1 85 3 is_stmt 1 view .LVU84
 249              		.loc 1 85 24 is_stmt 0 view .LVU85
 250 0144 0C95     		str	r5, [sp, #48]
  86:Core/Src/gpio.c ****   GPIO_InitStruct.Pull = GPIO_NOPULL;
 251              		.loc 1 86 3 is_stmt 1 view .LVU86
 252              		.loc 1 86 24 is_stmt 0 view .LVU87
 253 0146 0D94     		str	r4, [sp, #52]
  87:Core/Src/gpio.c ****   HAL_GPIO_Init(GPIOC, &GPIO_InitStruct);
 254              		.loc 1 87 3 is_stmt 1 view .LVU88
 255 0148 0BA9     		add	r1, sp, #44
 256 014a 2848     		ldr	r0, .L3+12
ARM GAS  C:\Users\blue\AppData\Local\Temp\ccfLeWkc.s 			page 7


 257 014c FFF7FEFF 		bl	HAL_GPIO_Init
 258              	.LVL2:
  88:Core/Src/gpio.c **** 
  89:Core/Src/gpio.c ****   /*Configure GPIO pins : PA15 PA10 PA9 PA8
  90:Core/Src/gpio.c ****                            PA12 PA11 PA2 PA1
  91:Core/Src/gpio.c ****                            PA0 PA6 PA7 PA5
  92:Core/Src/gpio.c ****                            PA3 PA4 */
  93:Core/Src/gpio.c ****   GPIO_InitStruct.Pin = GPIO_PIN_15|GPIO_PIN_10|GPIO_PIN_9|GPIO_PIN_8
 259              		.loc 1 93 3 view .LVU89
 260              		.loc 1 93 23 is_stmt 0 view .LVU90
 261 0150 49F6FF73 		movw	r3, #40959
 262 0154 0B93     		str	r3, [sp, #44]
  94:Core/Src/gpio.c ****                           |GPIO_PIN_12|GPIO_PIN_11|GPIO_PIN_2|GPIO_PIN_1
  95:Core/Src/gpio.c ****                           |GPIO_PIN_0|GPIO_PIN_6|GPIO_PIN_7|GPIO_PIN_5
  96:Core/Src/gpio.c ****                           |GPIO_PIN_3|GPIO_PIN_4;
  97:Core/Src/gpio.c ****   GPIO_InitStruct.Mode = GPIO_MODE_ANALOG;
 263              		.loc 1 97 3 is_stmt 1 view .LVU91
 264              		.loc 1 97 24 is_stmt 0 view .LVU92
 265 0156 0C95     		str	r5, [sp, #48]
  98:Core/Src/gpio.c ****   GPIO_InitStruct.Pull = GPIO_NOPULL;
 266              		.loc 1 98 3 is_stmt 1 view .LVU93
 267              		.loc 1 98 24 is_stmt 0 view .LVU94
 268 0158 0D94     		str	r4, [sp, #52]
  99:Core/Src/gpio.c ****   HAL_GPIO_Init(GPIOA, &GPIO_InitStruct);
 269              		.loc 1 99 3 is_stmt 1 view .LVU95
 270 015a 0BA9     		add	r1, sp, #44
 271 015c 2448     		ldr	r0, .L3+16
 272 015e FFF7FEFF 		bl	HAL_GPIO_Init
 273              	.LVL3:
 100:Core/Src/gpio.c **** 
 101:Core/Src/gpio.c ****   /*Configure GPIO pins : PB4 PB7 PB3 PB10
 102:Core/Src/gpio.c ****                            PB11 PB2 PB1 PB12
 103:Core/Src/gpio.c ****                            PB15 PB0 PB13 PB14 */
 104:Core/Src/gpio.c ****   GPIO_InitStruct.Pin = GPIO_PIN_4|GPIO_PIN_7|GPIO_PIN_3|GPIO_PIN_10
 274              		.loc 1 104 3 view .LVU96
 275              		.loc 1 104 23 is_stmt 0 view .LVU97
 276 0162 4FF69F43 		movw	r3, #64671
 277 0166 0B93     		str	r3, [sp, #44]
 105:Core/Src/gpio.c ****                           |GPIO_PIN_11|GPIO_PIN_2|GPIO_PIN_1|GPIO_PIN_12
 106:Core/Src/gpio.c ****                           |GPIO_PIN_15|GPIO_PIN_0|GPIO_PIN_13|GPIO_PIN_14;
 107:Core/Src/gpio.c ****   GPIO_InitStruct.Mode = GPIO_MODE_ANALOG;
 278              		.loc 1 107 3 is_stmt 1 view .LVU98
 279              		.loc 1 107 24 is_stmt 0 view .LVU99
 280 0168 0C95     		str	r5, [sp, #48]
 108:Core/Src/gpio.c ****   GPIO_InitStruct.Pull = GPIO_NOPULL;
 281              		.loc 1 108 3 is_stmt 1 view .LVU100
 282              		.loc 1 108 24 is_stmt 0 view .LVU101
 283 016a 0D94     		str	r4, [sp, #52]
 109:Core/Src/gpio.c ****   HAL_GPIO_Init(GPIOB, &GPIO_InitStruct);
 284              		.loc 1 109 3 is_stmt 1 view .LVU102
 285 016c 0BA9     		add	r1, sp, #44
 286 016e 2148     		ldr	r0, .L3+20
 287 0170 FFF7FEFF 		bl	HAL_GPIO_Init
 288              	.LVL4:
 110:Core/Src/gpio.c **** 
 111:Core/Src/gpio.c ****   /*Configure GPIO pins : PG11 PG12 PG13 PG7
 112:Core/Src/gpio.c ****                            PG6 PG3 */
ARM GAS  C:\Users\blue\AppData\Local\Temp\ccfLeWkc.s 			page 8


 113:Core/Src/gpio.c ****   GPIO_InitStruct.Pin = GPIO_PIN_11|GPIO_PIN_12|GPIO_PIN_13|GPIO_PIN_7
 289              		.loc 1 113 3 view .LVU103
 290              		.loc 1 113 23 is_stmt 0 view .LVU104
 291 0174 43F6C803 		movw	r3, #14536
 292 0178 0B93     		str	r3, [sp, #44]
 114:Core/Src/gpio.c ****                           |GPIO_PIN_6|GPIO_PIN_3;
 115:Core/Src/gpio.c ****   GPIO_InitStruct.Mode = GPIO_MODE_ANALOG;
 293              		.loc 1 115 3 is_stmt 1 view .LVU105
 294              		.loc 1 115 24 is_stmt 0 view .LVU106
 295 017a 0C95     		str	r5, [sp, #48]
 116:Core/Src/gpio.c ****   GPIO_InitStruct.Pull = GPIO_NOPULL;
 296              		.loc 1 116 3 is_stmt 1 view .LVU107
 297              		.loc 1 116 24 is_stmt 0 view .LVU108
 298 017c 0D94     		str	r4, [sp, #52]
 117:Core/Src/gpio.c ****   HAL_GPIO_Init(GPIOG, &GPIO_InitStruct);
 299              		.loc 1 117 3 is_stmt 1 view .LVU109
 300 017e 0BA9     		add	r1, sp, #44
 301 0180 1D48     		ldr	r0, .L3+24
 302 0182 FFF7FEFF 		bl	HAL_GPIO_Init
 303              	.LVL5:
 118:Core/Src/gpio.c **** 
 119:Core/Src/gpio.c ****   /*Configure GPIO pins : PH14 PH13 PH5 PH10
 120:Core/Src/gpio.c ****                            PH11 PH9 PH12 PH6
 121:Core/Src/gpio.c ****                            PH8 PH7 */
 122:Core/Src/gpio.c ****   GPIO_InitStruct.Pin = GPIO_PIN_14|GPIO_PIN_13|GPIO_PIN_5|GPIO_PIN_10
 304              		.loc 1 122 3 view .LVU110
 305              		.loc 1 122 23 is_stmt 0 view .LVU111
 306 0186 47F6E073 		movw	r3, #32736
 307 018a 0B93     		str	r3, [sp, #44]
 123:Core/Src/gpio.c ****                           |GPIO_PIN_11|GPIO_PIN_9|GPIO_PIN_12|GPIO_PIN_6
 124:Core/Src/gpio.c ****                           |GPIO_PIN_8|GPIO_PIN_7;
 125:Core/Src/gpio.c ****   GPIO_InitStruct.Mode = GPIO_MODE_ANALOG;
 308              		.loc 1 125 3 is_stmt 1 view .LVU112
 309              		.loc 1 125 24 is_stmt 0 view .LVU113
 310 018c 0C95     		str	r5, [sp, #48]
 126:Core/Src/gpio.c ****   GPIO_InitStruct.Pull = GPIO_NOPULL;
 311              		.loc 1 126 3 is_stmt 1 view .LVU114
 312              		.loc 1 126 24 is_stmt 0 view .LVU115
 313 018e 0D94     		str	r4, [sp, #52]
 127:Core/Src/gpio.c ****   HAL_GPIO_Init(GPIOH, &GPIO_InitStruct);
 314              		.loc 1 127 3 is_stmt 1 view .LVU116
 315 0190 0BA9     		add	r1, sp, #44
 316 0192 1A48     		ldr	r0, .L3+28
 317 0194 FFF7FEFF 		bl	HAL_GPIO_Init
 318              	.LVL6:
 128:Core/Src/gpio.c **** 
 129:Core/Src/gpio.c ****   /*Configure GPIO pins : PE2 PE5 PE4 PE3
 130:Core/Src/gpio.c ****                            PE6 */
 131:Core/Src/gpio.c ****   GPIO_InitStruct.Pin = GPIO_PIN_2|GPIO_PIN_5|GPIO_PIN_4|GPIO_PIN_3
 319              		.loc 1 131 3 view .LVU117
 320              		.loc 1 131 23 is_stmt 0 view .LVU118
 321 0198 7C23     		movs	r3, #124
 322 019a 0B93     		str	r3, [sp, #44]
 132:Core/Src/gpio.c ****                           |GPIO_PIN_6;
 133:Core/Src/gpio.c ****   GPIO_InitStruct.Mode = GPIO_MODE_ANALOG;
 323              		.loc 1 133 3 is_stmt 1 view .LVU119
 324              		.loc 1 133 24 is_stmt 0 view .LVU120
ARM GAS  C:\Users\blue\AppData\Local\Temp\ccfLeWkc.s 			page 9


 325 019c 0C95     		str	r5, [sp, #48]
 134:Core/Src/gpio.c ****   GPIO_InitStruct.Pull = GPIO_NOPULL;
 326              		.loc 1 134 3 is_stmt 1 view .LVU121
 327              		.loc 1 134 24 is_stmt 0 view .LVU122
 328 019e 0D94     		str	r4, [sp, #52]
 135:Core/Src/gpio.c ****   HAL_GPIO_Init(GPIOE, &GPIO_InitStruct);
 329              		.loc 1 135 3 is_stmt 1 view .LVU123
 330 01a0 0BA9     		add	r1, sp, #44
 331 01a2 1748     		ldr	r0, .L3+32
 332 01a4 FFF7FEFF 		bl	HAL_GPIO_Init
 333              	.LVL7:
 136:Core/Src/gpio.c **** 
 137:Core/Src/gpio.c ****   /*Configure GPIO pin : PK0 */
 138:Core/Src/gpio.c ****   GPIO_InitStruct.Pin = GPIO_PIN_0;
 334              		.loc 1 138 3 view .LVU124
 335              		.loc 1 138 23 is_stmt 0 view .LVU125
 336 01a8 0123     		movs	r3, #1
 337 01aa 0B93     		str	r3, [sp, #44]
 139:Core/Src/gpio.c ****   GPIO_InitStruct.Mode = GPIO_MODE_ANALOG;
 338              		.loc 1 139 3 is_stmt 1 view .LVU126
 339              		.loc 1 139 24 is_stmt 0 view .LVU127
 340 01ac 0C95     		str	r5, [sp, #48]
 140:Core/Src/gpio.c ****   GPIO_InitStruct.Pull = GPIO_NOPULL;
 341              		.loc 1 140 3 is_stmt 1 view .LVU128
 342              		.loc 1 140 24 is_stmt 0 view .LVU129
 343 01ae 0D94     		str	r4, [sp, #52]
 141:Core/Src/gpio.c ****   HAL_GPIO_Init(GPIOK, &GPIO_InitStruct);
 344              		.loc 1 141 3 is_stmt 1 view .LVU130
 345 01b0 0BA9     		add	r1, sp, #44
 346 01b2 1448     		ldr	r0, .L3+36
 347 01b4 FFF7FEFF 		bl	HAL_GPIO_Init
 348              	.LVL8:
 142:Core/Src/gpio.c **** 
 143:Core/Src/gpio.c ****   /*Configure GPIO pins : PF6 PF7 PF8 PF10
 144:Core/Src/gpio.c ****                            PF9 */
 145:Core/Src/gpio.c ****   GPIO_InitStruct.Pin = GPIO_PIN_6|GPIO_PIN_7|GPIO_PIN_8|GPIO_PIN_10
 349              		.loc 1 145 3 view .LVU131
 350              		.loc 1 145 23 is_stmt 0 view .LVU132
 351 01b8 4FF4F863 		mov	r3, #1984
 352 01bc 0B93     		str	r3, [sp, #44]
 146:Core/Src/gpio.c ****                           |GPIO_PIN_9;
 147:Core/Src/gpio.c ****   GPIO_InitStruct.Mode = GPIO_MODE_ANALOG;
 353              		.loc 1 147 3 is_stmt 1 view .LVU133
 354              		.loc 1 147 24 is_stmt 0 view .LVU134
 355 01be 0C95     		str	r5, [sp, #48]
 148:Core/Src/gpio.c ****   GPIO_InitStruct.Pull = GPIO_NOPULL;
 356              		.loc 1 148 3 is_stmt 1 view .LVU135
 357              		.loc 1 148 24 is_stmt 0 view .LVU136
 358 01c0 0D94     		str	r4, [sp, #52]
 149:Core/Src/gpio.c ****   HAL_GPIO_Init(GPIOF, &GPIO_InitStruct);
 359              		.loc 1 149 3 is_stmt 1 view .LVU137
 360 01c2 0BA9     		add	r1, sp, #44
 361 01c4 1048     		ldr	r0, .L3+40
 362 01c6 FFF7FEFF 		bl	HAL_GPIO_Init
 363              	.LVL9:
 150:Core/Src/gpio.c **** 
 151:Core/Src/gpio.c ****   /*Configure GPIO pins : PJ11 PJ10 */
ARM GAS  C:\Users\blue\AppData\Local\Temp\ccfLeWkc.s 			page 10


 152:Core/Src/gpio.c ****   GPIO_InitStruct.Pin = GPIO_PIN_11|GPIO_PIN_10;
 364              		.loc 1 152 3 view .LVU138
 365              		.loc 1 152 23 is_stmt 0 view .LVU139
 366 01ca 4FF44063 		mov	r3, #3072
 367 01ce 0B93     		str	r3, [sp, #44]
 153:Core/Src/gpio.c ****   GPIO_InitStruct.Mode = GPIO_MODE_ANALOG;
 368              		.loc 1 153 3 is_stmt 1 view .LVU140
 369              		.loc 1 153 24 is_stmt 0 view .LVU141
 370 01d0 0C95     		str	r5, [sp, #48]
 154:Core/Src/gpio.c ****   GPIO_InitStruct.Pull = GPIO_NOPULL;
 371              		.loc 1 154 3 is_stmt 1 view .LVU142
 372              		.loc 1 154 24 is_stmt 0 view .LVU143
 373 01d2 0D94     		str	r4, [sp, #52]
 155:Core/Src/gpio.c ****   HAL_GPIO_Init(GPIOJ, &GPIO_InitStruct);
 374              		.loc 1 155 3 is_stmt 1 view .LVU144
 375 01d4 0BA9     		add	r1, sp, #44
 376 01d6 0D48     		ldr	r0, .L3+44
 377 01d8 FFF7FEFF 		bl	HAL_GPIO_Init
 378              	.LVL10:
 156:Core/Src/gpio.c **** 
 157:Core/Src/gpio.c **** }
 379              		.loc 1 157 1 is_stmt 0 view .LVU145
 380 01dc 11B0     		add	sp, sp, #68
 381              	.LCFI2:
 382              		.cfi_def_cfa_offset 12
 383              		@ sp needed
 384 01de 30BD     		pop	{r4, r5, pc}
 385              	.L4:
 386              		.align	2
 387              	.L3:
 388 01e0 00440258 		.word	1476543488
 389 01e4 00200258 		.word	1476534272
 390 01e8 000C0258 		.word	1476529152
 391 01ec 00080258 		.word	1476528128
 392 01f0 00000258 		.word	1476526080
 393 01f4 00040258 		.word	1476527104
 394 01f8 00180258 		.word	1476532224
 395 01fc 001C0258 		.word	1476533248
 396 0200 00100258 		.word	1476530176
 397 0204 00280258 		.word	1476536320
 398 0208 00140258 		.word	1476531200
 399 020c 00240258 		.word	1476535296
 400              		.cfi_endproc
 401              	.LFE144:
 403              		.text
 404              	.Letext0:
 405              		.file 2 "d:\\rm\\arm-gnu-toolchian\\arm-none-eabi\\include\\machine\\_default_types.h"
 406              		.file 3 "d:\\rm\\arm-gnu-toolchian\\arm-none-eabi\\include\\sys\\_stdint.h"
 407              		.file 4 "Drivers/CMSIS/Device/ST/STM32H7xx/Include/stm32h743xx.h"
 408              		.file 5 "Drivers/STM32H7xx_HAL_Driver/Inc/stm32h7xx_hal_gpio.h"
ARM GAS  C:\Users\blue\AppData\Local\Temp\ccfLeWkc.s 			page 11


DEFINED SYMBOLS
                            *ABS*:00000000 gpio.c
C:\Users\blue\AppData\Local\Temp\ccfLeWkc.s:19     .text.MX_GPIO_Init:00000000 $t
C:\Users\blue\AppData\Local\Temp\ccfLeWkc.s:25     .text.MX_GPIO_Init:00000000 MX_GPIO_Init
C:\Users\blue\AppData\Local\Temp\ccfLeWkc.s:388    .text.MX_GPIO_Init:000001e0 $d

UNDEFINED SYMBOLS
HAL_GPIO_Init
