ARM GAS  C:\Users\blue\AppData\Local\Temp\ccH8CHtc.s 			page 1


   1              		.cpu cortex-m7
   2              		.arch armv7e-m
   3              		.fpu fpv5-d16
   4              		.eabi_attribute 28, 1
   5              		.eabi_attribute 20, 1
   6              		.eabi_attribute 21, 1
   7              		.eabi_attribute 23, 3
   8              		.eabi_attribute 24, 1
   9              		.eabi_attribute 25, 1
  10              		.eabi_attribute 26, 1
  11              		.eabi_attribute 30, 1
  12              		.eabi_attribute 34, 1
  13              		.eabi_attribute 18, 4
  14              		.file	"motor_task.c"
  15              		.text
  16              	.Ltext0:
  17              		.cfi_sections	.debug_frame
  18              		.section	.text.MotorControlTask,"ax",%progbits
  19              		.align	1
  20              		.global	MotorControlTask
  21              		.syntax unified
  22              		.thumb
  23              		.thumb_func
  25              	MotorControlTask:
  26              	.LFB185:
  27              		.file 1 "modules/motor/motor_task.c"
   1:modules/motor/motor_task.c **** #include "motor_task.h"
   2:modules/motor/motor_task.c **** #include "dji_motor.h"
   3:modules/motor/motor_task.c **** // #include "servo_motor.h"
   4:modules/motor/motor_task.c **** #include "chassis.h"
   5:modules/motor/motor_task.c **** 
   6:modules/motor/motor_task.c **** void MotorControlTask()
   7:modules/motor/motor_task.c **** {
  28              		.loc 1 7 1 view -0
  29              		.cfi_startproc
  30              		@ args = 0, pretend = 0, frame = 0
  31              		@ frame_needed = 0, uses_anonymous_args = 0
  32 0000 08B5     		push	{r3, lr}
  33              	.LCFI0:
  34              		.cfi_def_cfa_offset 8
  35              		.cfi_offset 3, -8
  36              		.cfi_offset 14, -4
   8:modules/motor/motor_task.c ****     // static uint8_t cnt = 0; è®¾å®šä¸åŒç”µæœºçš„ä»»åŠ¡é¢‘ç‡
   9:modules/motor/motor_task.c ****     // if(cnt%5==0) //200hz
  10:modules/motor/motor_task.c ****     // if(cnt%10==0) //100hz
  11:modules/motor/motor_task.c **** 
  12:modules/motor/motor_task.c ****     DJIMotorControl();
  37              		.loc 1 12 5 view .LVU1
  38 0002 FFF7FEFF 		bl	DJIMotorControl
  39              	.LVL0:
  13:modules/motor/motor_task.c **** 
  14:modules/motor/motor_task.c ****     // legacy support
  15:modules/motor/motor_task.c ****     // ç”±äºht04ç”µæœºçš„åé¦ˆæ–¹å¼ä¸ºæ¥æ”¶åˆ°ä¸€å¸§æ¶ˆæ¯åç«‹åˆ»å›ä¼ ,ä»¥æ­¤æ–¹å¼è¿ç»­å‘
  16:modules/motor/motor_task.c ****     // ä¸ºäº†ä¿è¯é«˜é¢‘ç‡æ§åˆ¶,HTMotorä¸­æä¾›äº†ä»¥ä»»åŠ¡æ–¹å¼å¯åŠ¨æ§åˆ¶çš„æ¥å£,å¯é€šè¿
  17:modules/motor/motor_task.c ****     // HTMotorControl();
  18:modules/motor/motor_task.c ****     // å°†æ‰€æœ‰çš„CANè®¾å¤‡é›†ä¸­åœ¨ä¸€å¤„å‘é€,æœ€é«˜åé¦ˆé¢‘ç‡ä»…èƒ½è¾¾åˆ°500Hz,ä¸ºäº†æ›´å¥½ç
  19:modules/motor/motor_task.c **** 
ARM GAS  C:\Users\blue\AppData\Local\Temp\ccH8CHtc.s 			page 2


  20:modules/motor/motor_task.c ****     // ServeoMotorControl();
  21:modules/motor/motor_task.c **** }
  40              		.loc 1 21 1 is_stmt 0 view .LVU2
  41 0006 08BD     		pop	{r3, pc}
  42              		.cfi_endproc
  43              	.LFE185:
  45              		.text
  46              	.Letext0:
  47              		.file 2 "modules/motor/DJI_motor/dji_motor.h"
ARM GAS  C:\Users\blue\AppData\Local\Temp\ccH8CHtc.s 			page 3


DEFINED SYMBOLS
                            *ABS*:00000000 motor_task.c
C:\Users\blue\AppData\Local\Temp\ccH8CHtc.s:19     .text.MotorControlTask:00000000 $t
C:\Users\blue\AppData\Local\Temp\ccH8CHtc.s:25     .text.MotorControlTask:00000000 MotorControlTask

UNDEFINED SYMBOLS
DJIMotorControl
