ARM GAS  C:\Users\blue\AppData\Local\Temp\ccaXiXwP.s 			page 1


   1              		.cpu cortex-m7
   2              		.arch armv7e-m
   3              		.fpu fpv5-d16
   4              		.eabi_attribute 28, 1
   5              		.eabi_attribute 20, 1
   6              		.eabi_attribute 21, 1
   7              		.eabi_attribute 23, 3
   8              		.eabi_attribute 24, 1
   9              		.eabi_attribute 25, 1
  10              		.eabi_attribute 26, 1
  11              		.eabi_attribute 30, 1
  12              		.eabi_attribute 34, 1
  13              		.eabi_attribute 18, 4
  14              		.file	"usart.c"
  15              		.text
  16              	.Ltext0:
  17              		.cfi_sections	.debug_frame
  18              		.section	.text.MX_UART5_Init,"ax",%progbits
  19              		.align	1
  20              		.global	MX_UART5_Init
  21              		.syntax unified
  22              		.thumb
  23              		.thumb_func
  25              	MX_UART5_Init:
  26              	.LFB144:
  27              		.file 1 "Core/Src/usart.c"
   1:Core/Src/usart.c **** /* USER CODE BEGIN Header */
   2:Core/Src/usart.c **** /**
   3:Core/Src/usart.c ****  ******************************************************************************
   4:Core/Src/usart.c ****  * @file    usart.c
   5:Core/Src/usart.c ****  * @brief   This file provides code for the configuration
   6:Core/Src/usart.c ****  *          of the USART instances.
   7:Core/Src/usart.c ****  ******************************************************************************
   8:Core/Src/usart.c ****  * @attention
   9:Core/Src/usart.c ****  *
  10:Core/Src/usart.c ****  * Copyright (c) 2024 STMicroelectronics.
  11:Core/Src/usart.c ****  * All rights reserved.
  12:Core/Src/usart.c ****  *
  13:Core/Src/usart.c ****  * This software is licensed under terms that can be found in the LICENSE file
  14:Core/Src/usart.c ****  * in the root directory of this software component.
  15:Core/Src/usart.c ****  * If no LICENSE file comes with this software, it is provided AS-IS.
  16:Core/Src/usart.c ****  *
  17:Core/Src/usart.c ****  ******************************************************************************
  18:Core/Src/usart.c ****  */
  19:Core/Src/usart.c **** /* USER CODE END Header */
  20:Core/Src/usart.c **** /* Includes ------------------------------------------------------------------*/
  21:Core/Src/usart.c **** #include "usart.h"
  22:Core/Src/usart.c **** 
  23:Core/Src/usart.c **** /* USER CODE BEGIN 0 */
  24:Core/Src/usart.c **** 
  25:Core/Src/usart.c **** /* USER CODE END 0 */
  26:Core/Src/usart.c **** 
  27:Core/Src/usart.c **** UART_HandleTypeDef huart5;
  28:Core/Src/usart.c **** UART_HandleTypeDef huart2;
  29:Core/Src/usart.c **** UART_HandleTypeDef huart6;
  30:Core/Src/usart.c **** DMA_HandleTypeDef hdma_usart2_rx;
  31:Core/Src/usart.c **** DMA_HandleTypeDef hdma_usart6_rx;
ARM GAS  C:\Users\blue\AppData\Local\Temp\ccaXiXwP.s 			page 2


  32:Core/Src/usart.c **** 
  33:Core/Src/usart.c **** /* UART5 init function */
  34:Core/Src/usart.c **** void MX_UART5_Init(void)
  35:Core/Src/usart.c **** {
  28              		.loc 1 35 1 view -0
  29              		.cfi_startproc
  30              		@ args = 0, pretend = 0, frame = 0
  31              		@ frame_needed = 0, uses_anonymous_args = 0
  32 0000 08B5     		push	{r3, lr}
  33              	.LCFI0:
  34              		.cfi_def_cfa_offset 8
  35              		.cfi_offset 3, -8
  36              		.cfi_offset 14, -4
  36:Core/Src/usart.c **** 
  37:Core/Src/usart.c ****   /* USER CODE BEGIN UART5_Init 0 */
  38:Core/Src/usart.c **** 
  39:Core/Src/usart.c ****   /* USER CODE END UART5_Init 0 */
  40:Core/Src/usart.c **** 
  41:Core/Src/usart.c ****   /* USER CODE BEGIN UART5_Init 1 */
  42:Core/Src/usart.c **** 
  43:Core/Src/usart.c ****   /* USER CODE END UART5_Init 1 */
  44:Core/Src/usart.c ****   huart5.Instance = UART5;
  37              		.loc 1 44 3 view .LVU1
  38              		.loc 1 44 19 is_stmt 0 view .LVU2
  39 0002 1748     		ldr	r0, .L11
  40 0004 174B     		ldr	r3, .L11+4
  41 0006 0360     		str	r3, [r0]
  45:Core/Src/usart.c ****   huart5.Init.BaudRate = 9600;
  42              		.loc 1 45 3 is_stmt 1 view .LVU3
  43              		.loc 1 45 24 is_stmt 0 view .LVU4
  44 0008 4FF41653 		mov	r3, #9600
  45 000c 4360     		str	r3, [r0, #4]
  46:Core/Src/usart.c ****   huart5.Init.WordLength = UART_WORDLENGTH_8B;
  46              		.loc 1 46 3 is_stmt 1 view .LVU5
  47              		.loc 1 46 26 is_stmt 0 view .LVU6
  48 000e 0023     		movs	r3, #0
  49 0010 8360     		str	r3, [r0, #8]
  47:Core/Src/usart.c ****   huart5.Init.StopBits = UART_STOPBITS_1;
  50              		.loc 1 47 3 is_stmt 1 view .LVU7
  51              		.loc 1 47 24 is_stmt 0 view .LVU8
  52 0012 C360     		str	r3, [r0, #12]
  48:Core/Src/usart.c ****   huart5.Init.Parity = UART_PARITY_NONE;
  53              		.loc 1 48 3 is_stmt 1 view .LVU9
  54              		.loc 1 48 22 is_stmt 0 view .LVU10
  55 0014 0361     		str	r3, [r0, #16]
  49:Core/Src/usart.c ****   huart5.Init.Mode = UART_MODE_TX;
  56              		.loc 1 49 3 is_stmt 1 view .LVU11
  57              		.loc 1 49 20 is_stmt 0 view .LVU12
  58 0016 0822     		movs	r2, #8
  59 0018 4261     		str	r2, [r0, #20]
  50:Core/Src/usart.c ****   huart5.Init.HwFlowCtl = UART_HWCONTROL_NONE;
  60              		.loc 1 50 3 is_stmt 1 view .LVU13
  61              		.loc 1 50 25 is_stmt 0 view .LVU14
  62 001a 8361     		str	r3, [r0, #24]
  51:Core/Src/usart.c ****   huart5.Init.OverSampling = UART_OVERSAMPLING_16;
  63              		.loc 1 51 3 is_stmt 1 view .LVU15
  64              		.loc 1 51 28 is_stmt 0 view .LVU16
ARM GAS  C:\Users\blue\AppData\Local\Temp\ccaXiXwP.s 			page 3


  65 001c C361     		str	r3, [r0, #28]
  52:Core/Src/usart.c ****   huart5.Init.OneBitSampling = UART_ONE_BIT_SAMPLE_DISABLE;
  66              		.loc 1 52 3 is_stmt 1 view .LVU17
  67              		.loc 1 52 30 is_stmt 0 view .LVU18
  68 001e 0362     		str	r3, [r0, #32]
  53:Core/Src/usart.c ****   huart5.Init.ClockPrescaler = UART_PRESCALER_DIV1;
  69              		.loc 1 53 3 is_stmt 1 view .LVU19
  70              		.loc 1 53 30 is_stmt 0 view .LVU20
  71 0020 4362     		str	r3, [r0, #36]
  54:Core/Src/usart.c ****   huart5.AdvancedInit.AdvFeatureInit = UART_ADVFEATURE_NO_INIT;
  72              		.loc 1 54 3 is_stmt 1 view .LVU21
  73              		.loc 1 54 38 is_stmt 0 view .LVU22
  74 0022 8362     		str	r3, [r0, #40]
  55:Core/Src/usart.c ****   if (HAL_UART_Init(&huart5) != HAL_OK)
  75              		.loc 1 55 3 is_stmt 1 view .LVU23
  76              		.loc 1 55 7 is_stmt 0 view .LVU24
  77 0024 FFF7FEFF 		bl	HAL_UART_Init
  78              	.LVL0:
  79              		.loc 1 55 6 view .LVU25
  80 0028 70B9     		cbnz	r0, .L7
  81              	.L2:
  56:Core/Src/usart.c ****   {
  57:Core/Src/usart.c ****     Error_Handler();
  58:Core/Src/usart.c ****   }
  59:Core/Src/usart.c ****   if (HAL_UARTEx_SetTxFifoThreshold(&huart5, UART_TXFIFO_THRESHOLD_1_8) != HAL_OK)
  82              		.loc 1 59 3 is_stmt 1 view .LVU26
  83              		.loc 1 59 7 is_stmt 0 view .LVU27
  84 002a 0021     		movs	r1, #0
  85 002c 0C48     		ldr	r0, .L11
  86 002e FFF7FEFF 		bl	HAL_UARTEx_SetTxFifoThreshold
  87              	.LVL1:
  88              		.loc 1 59 6 view .LVU28
  89 0032 60B9     		cbnz	r0, .L8
  90              	.L3:
  60:Core/Src/usart.c ****   {
  61:Core/Src/usart.c ****     Error_Handler();
  62:Core/Src/usart.c ****   }
  63:Core/Src/usart.c ****   if (HAL_UARTEx_SetRxFifoThreshold(&huart5, UART_RXFIFO_THRESHOLD_1_8) != HAL_OK)
  91              		.loc 1 63 3 is_stmt 1 view .LVU29
  92              		.loc 1 63 7 is_stmt 0 view .LVU30
  93 0034 0021     		movs	r1, #0
  94 0036 0A48     		ldr	r0, .L11
  95 0038 FFF7FEFF 		bl	HAL_UARTEx_SetRxFifoThreshold
  96              	.LVL2:
  97              		.loc 1 63 6 view .LVU31
  98 003c 50B9     		cbnz	r0, .L9
  99              	.L4:
  64:Core/Src/usart.c ****   {
  65:Core/Src/usart.c ****     Error_Handler();
  66:Core/Src/usart.c ****   }
  67:Core/Src/usart.c ****   if (HAL_UARTEx_DisableFifoMode(&huart5) != HAL_OK)
 100              		.loc 1 67 3 is_stmt 1 view .LVU32
 101              		.loc 1 67 7 is_stmt 0 view .LVU33
 102 003e 0848     		ldr	r0, .L11
 103 0040 FFF7FEFF 		bl	HAL_UARTEx_DisableFifoMode
 104              	.LVL3:
 105              		.loc 1 67 6 view .LVU34
ARM GAS  C:\Users\blue\AppData\Local\Temp\ccaXiXwP.s 			page 4


 106 0044 48B9     		cbnz	r0, .L10
 107              	.L1:
  68:Core/Src/usart.c ****   {
  69:Core/Src/usart.c ****     Error_Handler();
  70:Core/Src/usart.c ****   }
  71:Core/Src/usart.c ****   /* USER CODE BEGIN UART5_Init 2 */
  72:Core/Src/usart.c **** 
  73:Core/Src/usart.c ****   /* USER CODE END UART5_Init 2 */
  74:Core/Src/usart.c **** 
  75:Core/Src/usart.c **** }
 108              		.loc 1 75 1 view .LVU35
 109 0046 08BD     		pop	{r3, pc}
 110              	.L7:
  57:Core/Src/usart.c ****   }
 111              		.loc 1 57 5 is_stmt 1 view .LVU36
 112 0048 FFF7FEFF 		bl	Error_Handler
 113              	.LVL4:
 114 004c EDE7     		b	.L2
 115              	.L8:
  61:Core/Src/usart.c ****   }
 116              		.loc 1 61 5 view .LVU37
 117 004e FFF7FEFF 		bl	Error_Handler
 118              	.LVL5:
 119 0052 EFE7     		b	.L3
 120              	.L9:
  65:Core/Src/usart.c ****   }
 121              		.loc 1 65 5 view .LVU38
 122 0054 FFF7FEFF 		bl	Error_Handler
 123              	.LVL6:
 124 0058 F1E7     		b	.L4
 125              	.L10:
  69:Core/Src/usart.c ****   }
 126              		.loc 1 69 5 view .LVU39
 127 005a FFF7FEFF 		bl	Error_Handler
 128              	.LVL7:
 129              		.loc 1 75 1 is_stmt 0 view .LVU40
 130 005e F2E7     		b	.L1
 131              	.L12:
 132              		.align	2
 133              	.L11:
 134 0060 00000000 		.word	.LANCHOR0
 135 0064 00500040 		.word	1073762304
 136              		.cfi_endproc
 137              	.LFE144:
 139              		.section	.text.MX_USART2_UART_Init,"ax",%progbits
 140              		.align	1
 141              		.global	MX_USART2_UART_Init
 142              		.syntax unified
 143              		.thumb
 144              		.thumb_func
 146              	MX_USART2_UART_Init:
 147              	.LFB145:
  76:Core/Src/usart.c **** /* USART2 init function */
  77:Core/Src/usart.c **** 
  78:Core/Src/usart.c **** void MX_USART2_UART_Init(void)
  79:Core/Src/usart.c **** {
 148              		.loc 1 79 1 is_stmt 1 view -0
ARM GAS  C:\Users\blue\AppData\Local\Temp\ccaXiXwP.s 			page 5


 149              		.cfi_startproc
 150              		@ args = 0, pretend = 0, frame = 0
 151              		@ frame_needed = 0, uses_anonymous_args = 0
 152 0000 08B5     		push	{r3, lr}
 153              	.LCFI1:
 154              		.cfi_def_cfa_offset 8
 155              		.cfi_offset 3, -8
 156              		.cfi_offset 14, -4
  80:Core/Src/usart.c **** 
  81:Core/Src/usart.c ****   /* USER CODE BEGIN USART2_Init 0 */
  82:Core/Src/usart.c **** 
  83:Core/Src/usart.c ****   /* USER CODE END USART2_Init 0 */
  84:Core/Src/usart.c **** 
  85:Core/Src/usart.c ****   /* USER CODE BEGIN USART2_Init 1 */
  86:Core/Src/usart.c **** 
  87:Core/Src/usart.c ****   /* USER CODE END USART2_Init 1 */
  88:Core/Src/usart.c ****   huart2.Instance = USART2;
 157              		.loc 1 88 3 view .LVU42
 158              		.loc 1 88 19 is_stmt 0 view .LVU43
 159 0002 1748     		ldr	r0, .L23
 160 0004 174B     		ldr	r3, .L23+4
 161 0006 0360     		str	r3, [r0]
  89:Core/Src/usart.c ****   huart2.Init.BaudRate = 115200;
 162              		.loc 1 89 3 is_stmt 1 view .LVU44
 163              		.loc 1 89 24 is_stmt 0 view .LVU45
 164 0008 4FF4E133 		mov	r3, #115200
 165 000c 4360     		str	r3, [r0, #4]
  90:Core/Src/usart.c ****   huart2.Init.WordLength = UART_WORDLENGTH_8B;
 166              		.loc 1 90 3 is_stmt 1 view .LVU46
 167              		.loc 1 90 26 is_stmt 0 view .LVU47
 168 000e 0023     		movs	r3, #0
 169 0010 8360     		str	r3, [r0, #8]
  91:Core/Src/usart.c ****   huart2.Init.StopBits = UART_STOPBITS_1;
 170              		.loc 1 91 3 is_stmt 1 view .LVU48
 171              		.loc 1 91 24 is_stmt 0 view .LVU49
 172 0012 C360     		str	r3, [r0, #12]
  92:Core/Src/usart.c ****   huart2.Init.Parity = UART_PARITY_NONE;
 173              		.loc 1 92 3 is_stmt 1 view .LVU50
 174              		.loc 1 92 22 is_stmt 0 view .LVU51
 175 0014 0361     		str	r3, [r0, #16]
  93:Core/Src/usart.c ****   huart2.Init.Mode = UART_MODE_TX_RX;
 176              		.loc 1 93 3 is_stmt 1 view .LVU52
 177              		.loc 1 93 20 is_stmt 0 view .LVU53
 178 0016 0C22     		movs	r2, #12
 179 0018 4261     		str	r2, [r0, #20]
  94:Core/Src/usart.c ****   huart2.Init.HwFlowCtl = UART_HWCONTROL_NONE;
 180              		.loc 1 94 3 is_stmt 1 view .LVU54
 181              		.loc 1 94 25 is_stmt 0 view .LVU55
 182 001a 8361     		str	r3, [r0, #24]
  95:Core/Src/usart.c ****   huart2.Init.OverSampling = UART_OVERSAMPLING_16;
 183              		.loc 1 95 3 is_stmt 1 view .LVU56
 184              		.loc 1 95 28 is_stmt 0 view .LVU57
 185 001c C361     		str	r3, [r0, #28]
  96:Core/Src/usart.c ****   huart2.Init.OneBitSampling = UART_ONE_BIT_SAMPLE_DISABLE;
 186              		.loc 1 96 3 is_stmt 1 view .LVU58
 187              		.loc 1 96 30 is_stmt 0 view .LVU59
 188 001e 0362     		str	r3, [r0, #32]
ARM GAS  C:\Users\blue\AppData\Local\Temp\ccaXiXwP.s 			page 6


  97:Core/Src/usart.c ****   huart2.Init.ClockPrescaler = UART_PRESCALER_DIV1;
 189              		.loc 1 97 3 is_stmt 1 view .LVU60
 190              		.loc 1 97 30 is_stmt 0 view .LVU61
 191 0020 4362     		str	r3, [r0, #36]
  98:Core/Src/usart.c ****   huart2.AdvancedInit.AdvFeatureInit = UART_ADVFEATURE_NO_INIT;
 192              		.loc 1 98 3 is_stmt 1 view .LVU62
 193              		.loc 1 98 38 is_stmt 0 view .LVU63
 194 0022 8362     		str	r3, [r0, #40]
  99:Core/Src/usart.c ****   if (HAL_UART_Init(&huart2) != HAL_OK)
 195              		.loc 1 99 3 is_stmt 1 view .LVU64
 196              		.loc 1 99 7 is_stmt 0 view .LVU65
 197 0024 FFF7FEFF 		bl	HAL_UART_Init
 198              	.LVL8:
 199              		.loc 1 99 6 view .LVU66
 200 0028 70B9     		cbnz	r0, .L19
 201              	.L14:
 100:Core/Src/usart.c ****   {
 101:Core/Src/usart.c ****     Error_Handler();
 102:Core/Src/usart.c ****   }
 103:Core/Src/usart.c ****   if (HAL_UARTEx_SetTxFifoThreshold(&huart2, UART_TXFIFO_THRESHOLD_1_8) != HAL_OK)
 202              		.loc 1 103 3 is_stmt 1 view .LVU67
 203              		.loc 1 103 7 is_stmt 0 view .LVU68
 204 002a 0021     		movs	r1, #0
 205 002c 0C48     		ldr	r0, .L23
 206 002e FFF7FEFF 		bl	HAL_UARTEx_SetTxFifoThreshold
 207              	.LVL9:
 208              		.loc 1 103 6 view .LVU69
 209 0032 60B9     		cbnz	r0, .L20
 210              	.L15:
 104:Core/Src/usart.c ****   {
 105:Core/Src/usart.c ****     Error_Handler();
 106:Core/Src/usart.c ****   }
 107:Core/Src/usart.c ****   if (HAL_UARTEx_SetRxFifoThreshold(&huart2, UART_RXFIFO_THRESHOLD_1_8) != HAL_OK)
 211              		.loc 1 107 3 is_stmt 1 view .LVU70
 212              		.loc 1 107 7 is_stmt 0 view .LVU71
 213 0034 0021     		movs	r1, #0
 214 0036 0A48     		ldr	r0, .L23
 215 0038 FFF7FEFF 		bl	HAL_UARTEx_SetRxFifoThreshold
 216              	.LVL10:
 217              		.loc 1 107 6 view .LVU72
 218 003c 50B9     		cbnz	r0, .L21
 219              	.L16:
 108:Core/Src/usart.c ****   {
 109:Core/Src/usart.c ****     Error_Handler();
 110:Core/Src/usart.c ****   }
 111:Core/Src/usart.c ****   if (HAL_UARTEx_DisableFifoMode(&huart2) != HAL_OK)
 220              		.loc 1 111 3 is_stmt 1 view .LVU73
 221              		.loc 1 111 7 is_stmt 0 view .LVU74
 222 003e 0848     		ldr	r0, .L23
 223 0040 FFF7FEFF 		bl	HAL_UARTEx_DisableFifoMode
 224              	.LVL11:
 225              		.loc 1 111 6 view .LVU75
 226 0044 48B9     		cbnz	r0, .L22
 227              	.L13:
 112:Core/Src/usart.c ****   {
 113:Core/Src/usart.c ****     Error_Handler();
 114:Core/Src/usart.c ****   }
ARM GAS  C:\Users\blue\AppData\Local\Temp\ccaXiXwP.s 			page 7


 115:Core/Src/usart.c ****   /* USER CODE BEGIN USART2_Init 2 */
 116:Core/Src/usart.c **** 
 117:Core/Src/usart.c ****   /* USER CODE END USART2_Init 2 */
 118:Core/Src/usart.c **** 
 119:Core/Src/usart.c **** }
 228              		.loc 1 119 1 view .LVU76
 229 0046 08BD     		pop	{r3, pc}
 230              	.L19:
 101:Core/Src/usart.c ****   }
 231              		.loc 1 101 5 is_stmt 1 view .LVU77
 232 0048 FFF7FEFF 		bl	Error_Handler
 233              	.LVL12:
 234 004c EDE7     		b	.L14
 235              	.L20:
 105:Core/Src/usart.c ****   }
 236              		.loc 1 105 5 view .LVU78
 237 004e FFF7FEFF 		bl	Error_Handler
 238              	.LVL13:
 239 0052 EFE7     		b	.L15
 240              	.L21:
 109:Core/Src/usart.c ****   }
 241              		.loc 1 109 5 view .LVU79
 242 0054 FFF7FEFF 		bl	Error_Handler
 243              	.LVL14:
 244 0058 F1E7     		b	.L16
 245              	.L22:
 113:Core/Src/usart.c ****   }
 246              		.loc 1 113 5 view .LVU80
 247 005a FFF7FEFF 		bl	Error_Handler
 248              	.LVL15:
 249              		.loc 1 119 1 is_stmt 0 view .LVU81
 250 005e F2E7     		b	.L13
 251              	.L24:
 252              		.align	2
 253              	.L23:
 254 0060 00000000 		.word	.LANCHOR1
 255 0064 00440040 		.word	1073759232
 256              		.cfi_endproc
 257              	.LFE145:
 259              		.section	.text.MX_USART6_UART_Init,"ax",%progbits
 260              		.align	1
 261              		.global	MX_USART6_UART_Init
 262              		.syntax unified
 263              		.thumb
 264              		.thumb_func
 266              	MX_USART6_UART_Init:
 267              	.LFB146:
 120:Core/Src/usart.c **** /* USART6 init function */
 121:Core/Src/usart.c **** 
 122:Core/Src/usart.c **** void MX_USART6_UART_Init(void)
 123:Core/Src/usart.c **** {
 268              		.loc 1 123 1 is_stmt 1 view -0
 269              		.cfi_startproc
 270              		@ args = 0, pretend = 0, frame = 0
 271              		@ frame_needed = 0, uses_anonymous_args = 0
 272 0000 08B5     		push	{r3, lr}
 273              	.LCFI2:
ARM GAS  C:\Users\blue\AppData\Local\Temp\ccaXiXwP.s 			page 8


 274              		.cfi_def_cfa_offset 8
 275              		.cfi_offset 3, -8
 276              		.cfi_offset 14, -4
 124:Core/Src/usart.c **** 
 125:Core/Src/usart.c ****   /* USER CODE BEGIN USART6_Init 0 */
 126:Core/Src/usart.c **** 
 127:Core/Src/usart.c ****   /* USER CODE END USART6_Init 0 */
 128:Core/Src/usart.c **** 
 129:Core/Src/usart.c ****   /* USER CODE BEGIN USART6_Init 1 */
 130:Core/Src/usart.c **** 
 131:Core/Src/usart.c ****   /* USER CODE END USART6_Init 1 */
 132:Core/Src/usart.c ****   huart6.Instance = USART6;
 277              		.loc 1 132 3 view .LVU83
 278              		.loc 1 132 19 is_stmt 0 view .LVU84
 279 0002 1748     		ldr	r0, .L35
 280 0004 174B     		ldr	r3, .L35+4
 281 0006 0360     		str	r3, [r0]
 133:Core/Src/usart.c ****   huart6.Init.BaudRate = 115200;
 282              		.loc 1 133 3 is_stmt 1 view .LVU85
 283              		.loc 1 133 24 is_stmt 0 view .LVU86
 284 0008 4FF4E133 		mov	r3, #115200
 285 000c 4360     		str	r3, [r0, #4]
 134:Core/Src/usart.c ****   huart6.Init.WordLength = UART_WORDLENGTH_8B;
 286              		.loc 1 134 3 is_stmt 1 view .LVU87
 287              		.loc 1 134 26 is_stmt 0 view .LVU88
 288 000e 0023     		movs	r3, #0
 289 0010 8360     		str	r3, [r0, #8]
 135:Core/Src/usart.c ****   huart6.Init.StopBits = UART_STOPBITS_1;
 290              		.loc 1 135 3 is_stmt 1 view .LVU89
 291              		.loc 1 135 24 is_stmt 0 view .LVU90
 292 0012 C360     		str	r3, [r0, #12]
 136:Core/Src/usart.c ****   huart6.Init.Parity = UART_PARITY_NONE;
 293              		.loc 1 136 3 is_stmt 1 view .LVU91
 294              		.loc 1 136 22 is_stmt 0 view .LVU92
 295 0014 0361     		str	r3, [r0, #16]
 137:Core/Src/usart.c ****   huart6.Init.Mode = UART_MODE_TX_RX;
 296              		.loc 1 137 3 is_stmt 1 view .LVU93
 297              		.loc 1 137 20 is_stmt 0 view .LVU94
 298 0016 0C22     		movs	r2, #12
 299 0018 4261     		str	r2, [r0, #20]
 138:Core/Src/usart.c ****   huart6.Init.HwFlowCtl = UART_HWCONTROL_NONE;
 300              		.loc 1 138 3 is_stmt 1 view .LVU95
 301              		.loc 1 138 25 is_stmt 0 view .LVU96
 302 001a 8361     		str	r3, [r0, #24]
 139:Core/Src/usart.c ****   huart6.Init.OverSampling = UART_OVERSAMPLING_16;
 303              		.loc 1 139 3 is_stmt 1 view .LVU97
 304              		.loc 1 139 28 is_stmt 0 view .LVU98
 305 001c C361     		str	r3, [r0, #28]
 140:Core/Src/usart.c ****   huart6.Init.OneBitSampling = UART_ONE_BIT_SAMPLE_DISABLE;
 306              		.loc 1 140 3 is_stmt 1 view .LVU99
 307              		.loc 1 140 30 is_stmt 0 view .LVU100
 308 001e 0362     		str	r3, [r0, #32]
 141:Core/Src/usart.c ****   huart6.Init.ClockPrescaler = UART_PRESCALER_DIV1;
 309              		.loc 1 141 3 is_stmt 1 view .LVU101
 310              		.loc 1 141 30 is_stmt 0 view .LVU102
 311 0020 4362     		str	r3, [r0, #36]
 142:Core/Src/usart.c ****   huart6.AdvancedInit.AdvFeatureInit = UART_ADVFEATURE_NO_INIT;
ARM GAS  C:\Users\blue\AppData\Local\Temp\ccaXiXwP.s 			page 9


 312              		.loc 1 142 3 is_stmt 1 view .LVU103
 313              		.loc 1 142 38 is_stmt 0 view .LVU104
 314 0022 8362     		str	r3, [r0, #40]
 143:Core/Src/usart.c ****   if (HAL_UART_Init(&huart6) != HAL_OK)
 315              		.loc 1 143 3 is_stmt 1 view .LVU105
 316              		.loc 1 143 7 is_stmt 0 view .LVU106
 317 0024 FFF7FEFF 		bl	HAL_UART_Init
 318              	.LVL16:
 319              		.loc 1 143 6 view .LVU107
 320 0028 70B9     		cbnz	r0, .L31
 321              	.L26:
 144:Core/Src/usart.c ****   {
 145:Core/Src/usart.c ****     Error_Handler();
 146:Core/Src/usart.c ****   }
 147:Core/Src/usart.c ****   if (HAL_UARTEx_SetTxFifoThreshold(&huart6, UART_TXFIFO_THRESHOLD_1_8) != HAL_OK)
 322              		.loc 1 147 3 is_stmt 1 view .LVU108
 323              		.loc 1 147 7 is_stmt 0 view .LVU109
 324 002a 0021     		movs	r1, #0
 325 002c 0C48     		ldr	r0, .L35
 326 002e FFF7FEFF 		bl	HAL_UARTEx_SetTxFifoThreshold
 327              	.LVL17:
 328              		.loc 1 147 6 view .LVU110
 329 0032 60B9     		cbnz	r0, .L32
 330              	.L27:
 148:Core/Src/usart.c ****   {
 149:Core/Src/usart.c ****     Error_Handler();
 150:Core/Src/usart.c ****   }
 151:Core/Src/usart.c ****   if (HAL_UARTEx_SetRxFifoThreshold(&huart6, UART_RXFIFO_THRESHOLD_1_8) != HAL_OK)
 331              		.loc 1 151 3 is_stmt 1 view .LVU111
 332              		.loc 1 151 7 is_stmt 0 view .LVU112
 333 0034 0021     		movs	r1, #0
 334 0036 0A48     		ldr	r0, .L35
 335 0038 FFF7FEFF 		bl	HAL_UARTEx_SetRxFifoThreshold
 336              	.LVL18:
 337              		.loc 1 151 6 view .LVU113
 338 003c 50B9     		cbnz	r0, .L33
 339              	.L28:
 152:Core/Src/usart.c ****   {
 153:Core/Src/usart.c ****     Error_Handler();
 154:Core/Src/usart.c ****   }
 155:Core/Src/usart.c ****   if (HAL_UARTEx_DisableFifoMode(&huart6) != HAL_OK)
 340              		.loc 1 155 3 is_stmt 1 view .LVU114
 341              		.loc 1 155 7 is_stmt 0 view .LVU115
 342 003e 0848     		ldr	r0, .L35
 343 0040 FFF7FEFF 		bl	HAL_UARTEx_DisableFifoMode
 344              	.LVL19:
 345              		.loc 1 155 6 view .LVU116
 346 0044 48B9     		cbnz	r0, .L34
 347              	.L25:
 156:Core/Src/usart.c ****   {
 157:Core/Src/usart.c ****     Error_Handler();
 158:Core/Src/usart.c ****   }
 159:Core/Src/usart.c ****   /* USER CODE BEGIN USART6_Init 2 */
 160:Core/Src/usart.c **** 
 161:Core/Src/usart.c ****   /* USER CODE END USART6_Init 2 */
 162:Core/Src/usart.c **** 
 163:Core/Src/usart.c **** }
ARM GAS  C:\Users\blue\AppData\Local\Temp\ccaXiXwP.s 			page 10


 348              		.loc 1 163 1 view .LVU117
 349 0046 08BD     		pop	{r3, pc}
 350              	.L31:
 145:Core/Src/usart.c ****   }
 351              		.loc 1 145 5 is_stmt 1 view .LVU118
 352 0048 FFF7FEFF 		bl	Error_Handler
 353              	.LVL20:
 354 004c EDE7     		b	.L26
 355              	.L32:
 149:Core/Src/usart.c ****   }
 356              		.loc 1 149 5 view .LVU119
 357 004e FFF7FEFF 		bl	Error_Handler
 358              	.LVL21:
 359 0052 EFE7     		b	.L27
 360              	.L33:
 153:Core/Src/usart.c ****   }
 361              		.loc 1 153 5 view .LVU120
 362 0054 FFF7FEFF 		bl	Error_Handler
 363              	.LVL22:
 364 0058 F1E7     		b	.L28
 365              	.L34:
 157:Core/Src/usart.c ****   }
 366              		.loc 1 157 5 view .LVU121
 367 005a FFF7FEFF 		bl	Error_Handler
 368              	.LVL23:
 369              		.loc 1 163 1 is_stmt 0 view .LVU122
 370 005e F2E7     		b	.L25
 371              	.L36:
 372              		.align	2
 373              	.L35:
 374 0060 00000000 		.word	.LANCHOR2
 375 0064 00140140 		.word	1073812480
 376              		.cfi_endproc
 377              	.LFE146:
 379              		.section	.text.HAL_UART_MspInit,"ax",%progbits
 380              		.align	1
 381              		.global	HAL_UART_MspInit
 382              		.syntax unified
 383              		.thumb
 384              		.thumb_func
 386              	HAL_UART_MspInit:
 387              	.LVL24:
 388              	.LFB147:
 164:Core/Src/usart.c **** 
 165:Core/Src/usart.c **** void HAL_UART_MspInit(UART_HandleTypeDef* uartHandle)
 166:Core/Src/usart.c **** {
 389              		.loc 1 166 1 is_stmt 1 view -0
 390              		.cfi_startproc
 391              		@ args = 0, pretend = 0, frame = 248
 392              		@ frame_needed = 0, uses_anonymous_args = 0
 393              		.loc 1 166 1 is_stmt 0 view .LVU124
 394 0000 70B5     		push	{r4, r5, r6, lr}
 395              	.LCFI3:
 396              		.cfi_def_cfa_offset 16
 397              		.cfi_offset 4, -16
 398              		.cfi_offset 5, -12
 399              		.cfi_offset 6, -8
ARM GAS  C:\Users\blue\AppData\Local\Temp\ccaXiXwP.s 			page 11


 400              		.cfi_offset 14, -4
 401 0002 BEB0     		sub	sp, sp, #248
 402              	.LCFI4:
 403              		.cfi_def_cfa_offset 264
 404 0004 0446     		mov	r4, r0
 167:Core/Src/usart.c **** 
 168:Core/Src/usart.c ****   GPIO_InitTypeDef GPIO_InitStruct = {0};
 405              		.loc 1 168 3 is_stmt 1 view .LVU125
 406              		.loc 1 168 20 is_stmt 0 view .LVU126
 407 0006 0021     		movs	r1, #0
 408 0008 3991     		str	r1, [sp, #228]
 409 000a 3A91     		str	r1, [sp, #232]
 410 000c 3B91     		str	r1, [sp, #236]
 411 000e 3C91     		str	r1, [sp, #240]
 412 0010 3D91     		str	r1, [sp, #244]
 169:Core/Src/usart.c ****   RCC_PeriphCLKInitTypeDef PeriphClkInitStruct = {0};
 413              		.loc 1 169 3 is_stmt 1 view .LVU127
 414              		.loc 1 169 28 is_stmt 0 view .LVU128
 415 0012 C022     		movs	r2, #192
 416 0014 08A8     		add	r0, sp, #32
 417              	.LVL25:
 418              		.loc 1 169 28 view .LVU129
 419 0016 FFF7FEFF 		bl	memset
 420              	.LVL26:
 170:Core/Src/usart.c ****   if(uartHandle->Instance==UART5)
 421              		.loc 1 170 3 is_stmt 1 view .LVU130
 422              		.loc 1 170 16 is_stmt 0 view .LVU131
 423 001a 2368     		ldr	r3, [r4]
 424              		.loc 1 170 5 view .LVU132
 425 001c 854A     		ldr	r2, .L55
 426 001e 9342     		cmp	r3, r2
 427 0020 08D0     		beq	.L47
 171:Core/Src/usart.c ****   {
 172:Core/Src/usart.c ****   /* USER CODE BEGIN UART5_MspInit 0 */
 173:Core/Src/usart.c **** 
 174:Core/Src/usart.c ****   /* USER CODE END UART5_MspInit 0 */
 175:Core/Src/usart.c **** 
 176:Core/Src/usart.c ****   /** Initializes the peripherals clock
 177:Core/Src/usart.c ****   */
 178:Core/Src/usart.c ****     PeriphClkInitStruct.PeriphClockSelection = RCC_PERIPHCLK_UART5;
 179:Core/Src/usart.c ****     PeriphClkInitStruct.Usart234578ClockSelection = RCC_USART234578CLKSOURCE_D2PCLK1;
 180:Core/Src/usart.c ****     if (HAL_RCCEx_PeriphCLKConfig(&PeriphClkInitStruct) != HAL_OK)
 181:Core/Src/usart.c ****     {
 182:Core/Src/usart.c ****       Error_Handler();
 183:Core/Src/usart.c ****     }
 184:Core/Src/usart.c **** 
 185:Core/Src/usart.c ****     /* UART5 clock enable */
 186:Core/Src/usart.c ****     __HAL_RCC_UART5_CLK_ENABLE();
 187:Core/Src/usart.c **** 
 188:Core/Src/usart.c ****     __HAL_RCC_GPIOC_CLK_ENABLE();
 189:Core/Src/usart.c ****     __HAL_RCC_GPIOD_CLK_ENABLE();
 190:Core/Src/usart.c ****     /**UART5 GPIO Configuration
 191:Core/Src/usart.c ****     PC12     ------> UART5_TX
 192:Core/Src/usart.c ****     PD2     ------> UART5_RX
 193:Core/Src/usart.c ****     */
 194:Core/Src/usart.c ****     GPIO_InitStruct.Pin = MP3_UART5_TX_Pin;
 195:Core/Src/usart.c ****     GPIO_InitStruct.Mode = GPIO_MODE_AF_PP;
ARM GAS  C:\Users\blue\AppData\Local\Temp\ccaXiXwP.s 			page 12


 196:Core/Src/usart.c ****     GPIO_InitStruct.Pull = GPIO_NOPULL;
 197:Core/Src/usart.c ****     GPIO_InitStruct.Speed = GPIO_SPEED_FREQ_HIGH;
 198:Core/Src/usart.c ****     GPIO_InitStruct.Alternate = GPIO_AF8_UART5;
 199:Core/Src/usart.c ****     HAL_GPIO_Init(MP3_UART5_TX_GPIO_Port, &GPIO_InitStruct);
 200:Core/Src/usart.c **** 
 201:Core/Src/usart.c ****     GPIO_InitStruct.Pin = MP3_UART5_RX_Pin;
 202:Core/Src/usart.c ****     GPIO_InitStruct.Mode = GPIO_MODE_AF_PP;
 203:Core/Src/usart.c ****     GPIO_InitStruct.Pull = GPIO_NOPULL;
 204:Core/Src/usart.c ****     GPIO_InitStruct.Speed = GPIO_SPEED_FREQ_HIGH;
 205:Core/Src/usart.c ****     GPIO_InitStruct.Alternate = GPIO_AF8_UART5;
 206:Core/Src/usart.c ****     HAL_GPIO_Init(MP3_UART5_RX_GPIO_Port, &GPIO_InitStruct);
 207:Core/Src/usart.c **** 
 208:Core/Src/usart.c ****     /* UART5 interrupt Init */
 209:Core/Src/usart.c ****     HAL_NVIC_SetPriority(UART5_IRQn, 5, 0);
 210:Core/Src/usart.c ****     HAL_NVIC_EnableIRQ(UART5_IRQn);
 211:Core/Src/usart.c ****   /* USER CODE BEGIN UART5_MspInit 1 */
 212:Core/Src/usart.c **** 
 213:Core/Src/usart.c ****   /* USER CODE END UART5_MspInit 1 */
 214:Core/Src/usart.c ****   }
 215:Core/Src/usart.c ****   else if(uartHandle->Instance==USART2)
 428              		.loc 1 215 8 is_stmt 1 view .LVU133
 429              		.loc 1 215 10 is_stmt 0 view .LVU134
 430 0022 854A     		ldr	r2, .L55+4
 431 0024 9342     		cmp	r3, r2
 432 0026 57D0     		beq	.L48
 216:Core/Src/usart.c ****   {
 217:Core/Src/usart.c ****   /* USER CODE BEGIN USART2_MspInit 0 */
 218:Core/Src/usart.c **** 
 219:Core/Src/usart.c ****   /* USER CODE END USART2_MspInit 0 */
 220:Core/Src/usart.c **** 
 221:Core/Src/usart.c ****   /** Initializes the peripherals clock
 222:Core/Src/usart.c ****   */
 223:Core/Src/usart.c ****     PeriphClkInitStruct.PeriphClockSelection = RCC_PERIPHCLK_USART2;
 224:Core/Src/usart.c ****     PeriphClkInitStruct.Usart234578ClockSelection = RCC_USART234578CLKSOURCE_D2PCLK1;
 225:Core/Src/usart.c ****     if (HAL_RCCEx_PeriphCLKConfig(&PeriphClkInitStruct) != HAL_OK)
 226:Core/Src/usart.c ****     {
 227:Core/Src/usart.c ****       Error_Handler();
 228:Core/Src/usart.c ****     }
 229:Core/Src/usart.c **** 
 230:Core/Src/usart.c ****     /* USART2 clock enable */
 231:Core/Src/usart.c ****     __HAL_RCC_USART2_CLK_ENABLE();
 232:Core/Src/usart.c **** 
 233:Core/Src/usart.c ****     __HAL_RCC_GPIOD_CLK_ENABLE();
 234:Core/Src/usart.c ****     /**USART2 GPIO Configuration
 235:Core/Src/usart.c ****     PD5     ------> USART2_TX
 236:Core/Src/usart.c ****     PD6     ------> USART2_RX
 237:Core/Src/usart.c ****     */
 238:Core/Src/usart.c ****     GPIO_InitStruct.Pin = GPIO_PIN_5|GPIO_PIN_6;
 239:Core/Src/usart.c ****     GPIO_InitStruct.Mode = GPIO_MODE_AF_PP;
 240:Core/Src/usart.c ****     GPIO_InitStruct.Pull = GPIO_NOPULL;
 241:Core/Src/usart.c ****     GPIO_InitStruct.Speed = GPIO_SPEED_FREQ_HIGH;
 242:Core/Src/usart.c ****     GPIO_InitStruct.Alternate = GPIO_AF7_USART2;
 243:Core/Src/usart.c ****     HAL_GPIO_Init(GPIOD, &GPIO_InitStruct);
 244:Core/Src/usart.c **** 
 245:Core/Src/usart.c ****     /* USART2 DMA Init */
 246:Core/Src/usart.c ****     /* USART2_RX Init */
 247:Core/Src/usart.c ****     hdma_usart2_rx.Instance = DMA1_Stream0;
ARM GAS  C:\Users\blue\AppData\Local\Temp\ccaXiXwP.s 			page 13


 248:Core/Src/usart.c ****     hdma_usart2_rx.Init.Request = DMA_REQUEST_USART2_RX;
 249:Core/Src/usart.c ****     hdma_usart2_rx.Init.Direction = DMA_PERIPH_TO_MEMORY;
 250:Core/Src/usart.c ****     hdma_usart2_rx.Init.PeriphInc = DMA_PINC_DISABLE;
 251:Core/Src/usart.c ****     hdma_usart2_rx.Init.MemInc = DMA_MINC_ENABLE;
 252:Core/Src/usart.c ****     hdma_usart2_rx.Init.PeriphDataAlignment = DMA_PDATAALIGN_BYTE;
 253:Core/Src/usart.c ****     hdma_usart2_rx.Init.MemDataAlignment = DMA_MDATAALIGN_BYTE;
 254:Core/Src/usart.c ****     hdma_usart2_rx.Init.Mode = DMA_NORMAL;
 255:Core/Src/usart.c ****     hdma_usart2_rx.Init.Priority = DMA_PRIORITY_VERY_HIGH;
 256:Core/Src/usart.c ****     hdma_usart2_rx.Init.FIFOMode = DMA_FIFOMODE_DISABLE;
 257:Core/Src/usart.c ****     if (HAL_DMA_Init(&hdma_usart2_rx) != HAL_OK)
 258:Core/Src/usart.c ****     {
 259:Core/Src/usart.c ****       Error_Handler();
 260:Core/Src/usart.c ****     }
 261:Core/Src/usart.c **** 
 262:Core/Src/usart.c ****     __HAL_LINKDMA(uartHandle,hdmarx,hdma_usart2_rx);
 263:Core/Src/usart.c **** 
 264:Core/Src/usart.c ****     /* USART2 interrupt Init */
 265:Core/Src/usart.c ****     HAL_NVIC_SetPriority(USART2_IRQn, 5, 0);
 266:Core/Src/usart.c ****     HAL_NVIC_EnableIRQ(USART2_IRQn);
 267:Core/Src/usart.c ****   /* USER CODE BEGIN USART2_MspInit 1 */
 268:Core/Src/usart.c **** 
 269:Core/Src/usart.c ****   /* USER CODE END USART2_MspInit 1 */
 270:Core/Src/usart.c ****   }
 271:Core/Src/usart.c ****   else if(uartHandle->Instance==USART6)
 433              		.loc 1 271 8 is_stmt 1 view .LVU135
 434              		.loc 1 271 10 is_stmt 0 view .LVU136
 435 0028 844A     		ldr	r2, .L55+8
 436 002a 9342     		cmp	r3, r2
 437 002c 00F0AA80 		beq	.L49
 438              	.LVL27:
 439              	.L37:
 272:Core/Src/usart.c ****   {
 273:Core/Src/usart.c ****   /* USER CODE BEGIN USART6_MspInit 0 */
 274:Core/Src/usart.c **** 
 275:Core/Src/usart.c ****   /* USER CODE END USART6_MspInit 0 */
 276:Core/Src/usart.c **** 
 277:Core/Src/usart.c ****   /** Initializes the peripherals clock
 278:Core/Src/usart.c ****   */
 279:Core/Src/usart.c ****     PeriphClkInitStruct.PeriphClockSelection = RCC_PERIPHCLK_USART6;
 280:Core/Src/usart.c ****     PeriphClkInitStruct.Usart16ClockSelection = RCC_USART16CLKSOURCE_D2PCLK2;
 281:Core/Src/usart.c ****     if (HAL_RCCEx_PeriphCLKConfig(&PeriphClkInitStruct) != HAL_OK)
 282:Core/Src/usart.c ****     {
 283:Core/Src/usart.c ****       Error_Handler();
 284:Core/Src/usart.c ****     }
 285:Core/Src/usart.c **** 
 286:Core/Src/usart.c ****     /* USART6 clock enable */
 287:Core/Src/usart.c ****     __HAL_RCC_USART6_CLK_ENABLE();
 288:Core/Src/usart.c **** 
 289:Core/Src/usart.c ****     __HAL_RCC_GPIOG_CLK_ENABLE();
 290:Core/Src/usart.c ****     /**USART6 GPIO Configuration
 291:Core/Src/usart.c ****     PG9     ------> USART6_RX
 292:Core/Src/usart.c ****     PG14     ------> USART6_TX
 293:Core/Src/usart.c ****     */
 294:Core/Src/usart.c ****     GPIO_InitStruct.Pin = GPIO_PIN_9|GPIO_PIN_14;
 295:Core/Src/usart.c ****     GPIO_InitStruct.Mode = GPIO_MODE_AF_PP;
 296:Core/Src/usart.c ****     GPIO_InitStruct.Pull = GPIO_NOPULL;
 297:Core/Src/usart.c ****     GPIO_InitStruct.Speed = GPIO_SPEED_FREQ_HIGH;
ARM GAS  C:\Users\blue\AppData\Local\Temp\ccaXiXwP.s 			page 14


 298:Core/Src/usart.c ****     GPIO_InitStruct.Alternate = GPIO_AF7_USART6;
 299:Core/Src/usart.c ****     HAL_GPIO_Init(GPIOG, &GPIO_InitStruct);
 300:Core/Src/usart.c **** 
 301:Core/Src/usart.c ****     /* USART6 DMA Init */
 302:Core/Src/usart.c ****     /* USART6_RX Init */
 303:Core/Src/usart.c ****     hdma_usart6_rx.Instance = DMA1_Stream1;
 304:Core/Src/usart.c ****     hdma_usart6_rx.Init.Request = DMA_REQUEST_USART6_RX;
 305:Core/Src/usart.c ****     hdma_usart6_rx.Init.Direction = DMA_PERIPH_TO_MEMORY;
 306:Core/Src/usart.c ****     hdma_usart6_rx.Init.PeriphInc = DMA_PINC_DISABLE;
 307:Core/Src/usart.c ****     hdma_usart6_rx.Init.MemInc = DMA_MINC_ENABLE;
 308:Core/Src/usart.c ****     hdma_usart6_rx.Init.PeriphDataAlignment = DMA_PDATAALIGN_BYTE;
 309:Core/Src/usart.c ****     hdma_usart6_rx.Init.MemDataAlignment = DMA_MDATAALIGN_BYTE;
 310:Core/Src/usart.c ****     hdma_usart6_rx.Init.Mode = DMA_NORMAL;
 311:Core/Src/usart.c ****     hdma_usart6_rx.Init.Priority = DMA_PRIORITY_VERY_HIGH;
 312:Core/Src/usart.c ****     hdma_usart6_rx.Init.FIFOMode = DMA_FIFOMODE_DISABLE;
 313:Core/Src/usart.c ****     if (HAL_DMA_Init(&hdma_usart6_rx) != HAL_OK)
 314:Core/Src/usart.c ****     {
 315:Core/Src/usart.c ****       Error_Handler();
 316:Core/Src/usart.c ****     }
 317:Core/Src/usart.c **** 
 318:Core/Src/usart.c ****     __HAL_LINKDMA(uartHandle,hdmarx,hdma_usart6_rx);
 319:Core/Src/usart.c **** 
 320:Core/Src/usart.c ****     /* USART6 interrupt Init */
 321:Core/Src/usart.c ****     HAL_NVIC_SetPriority(USART6_IRQn, 5, 0);
 322:Core/Src/usart.c ****     HAL_NVIC_EnableIRQ(USART6_IRQn);
 323:Core/Src/usart.c ****   /* USER CODE BEGIN USART6_MspInit 1 */
 324:Core/Src/usart.c **** 
 325:Core/Src/usart.c ****   /* USER CODE END USART6_MspInit 1 */
 326:Core/Src/usart.c ****   }
 327:Core/Src/usart.c **** }
 440              		.loc 1 327 1 view .LVU137
 441 0030 3EB0     		add	sp, sp, #248
 442              	.LCFI5:
 443              		.cfi_remember_state
 444              		.cfi_def_cfa_offset 16
 445              		@ sp needed
 446 0032 70BD     		pop	{r4, r5, r6, pc}
 447              	.LVL28:
 448              	.L47:
 449              	.LCFI6:
 450              		.cfi_restore_state
 178:Core/Src/usart.c ****     PeriphClkInitStruct.Usart234578ClockSelection = RCC_USART234578CLKSOURCE_D2PCLK1;
 451              		.loc 1 178 5 is_stmt 1 view .LVU138
 178:Core/Src/usart.c ****     PeriphClkInitStruct.Usart234578ClockSelection = RCC_USART234578CLKSOURCE_D2PCLK1;
 452              		.loc 1 178 46 is_stmt 0 view .LVU139
 453 0034 0222     		movs	r2, #2
 454 0036 0023     		movs	r3, #0
 455 0038 CDE90823 		strd	r2, [sp, #32]
 179:Core/Src/usart.c ****     if (HAL_RCCEx_PeriphCLKConfig(&PeriphClkInitStruct) != HAL_OK)
 456              		.loc 1 179 5 is_stmt 1 view .LVU140
 180:Core/Src/usart.c ****     {
 457              		.loc 1 180 5 view .LVU141
 180:Core/Src/usart.c ****     {
 458              		.loc 1 180 9 is_stmt 0 view .LVU142
 459 003c 08A8     		add	r0, sp, #32
 460 003e FFF7FEFF 		bl	HAL_RCCEx_PeriphCLKConfig
 461              	.LVL29:
ARM GAS  C:\Users\blue\AppData\Local\Temp\ccaXiXwP.s 			page 15


 180:Core/Src/usart.c ****     {
 462              		.loc 1 180 8 view .LVU143
 463 0042 0028     		cmp	r0, #0
 464 0044 45D1     		bne	.L50
 465              	.L39:
 186:Core/Src/usart.c **** 
 466              		.loc 1 186 5 is_stmt 1 view .LVU144
 467              	.LBB2:
 186:Core/Src/usart.c **** 
 468              		.loc 1 186 5 view .LVU145
 186:Core/Src/usart.c **** 
 469              		.loc 1 186 5 view .LVU146
 470 0046 7E4B     		ldr	r3, .L55+12
 471 0048 D3F8E820 		ldr	r2, [r3, #232]
 472 004c 42F48012 		orr	r2, r2, #1048576
 473 0050 C3F8E820 		str	r2, [r3, #232]
 186:Core/Src/usart.c **** 
 474              		.loc 1 186 5 view .LVU147
 475 0054 D3F8E820 		ldr	r2, [r3, #232]
 476 0058 02F48012 		and	r2, r2, #1048576
 477 005c 0192     		str	r2, [sp, #4]
 186:Core/Src/usart.c **** 
 478              		.loc 1 186 5 view .LVU148
 479 005e 019A     		ldr	r2, [sp, #4]
 480              	.LBE2:
 186:Core/Src/usart.c **** 
 481              		.loc 1 186 5 view .LVU149
 188:Core/Src/usart.c ****     __HAL_RCC_GPIOD_CLK_ENABLE();
 482              		.loc 1 188 5 view .LVU150
 483              	.LBB3:
 188:Core/Src/usart.c ****     __HAL_RCC_GPIOD_CLK_ENABLE();
 484              		.loc 1 188 5 view .LVU151
 188:Core/Src/usart.c ****     __HAL_RCC_GPIOD_CLK_ENABLE();
 485              		.loc 1 188 5 view .LVU152
 486 0060 D3F8E020 		ldr	r2, [r3, #224]
 487 0064 42F00402 		orr	r2, r2, #4
 488 0068 C3F8E020 		str	r2, [r3, #224]
 188:Core/Src/usart.c ****     __HAL_RCC_GPIOD_CLK_ENABLE();
 489              		.loc 1 188 5 view .LVU153
 490 006c D3F8E020 		ldr	r2, [r3, #224]
 491 0070 02F00402 		and	r2, r2, #4
 492 0074 0292     		str	r2, [sp, #8]
 188:Core/Src/usart.c ****     __HAL_RCC_GPIOD_CLK_ENABLE();
 493              		.loc 1 188 5 view .LVU154
 494 0076 029A     		ldr	r2, [sp, #8]
 495              	.LBE3:
 188:Core/Src/usart.c ****     __HAL_RCC_GPIOD_CLK_ENABLE();
 496              		.loc 1 188 5 view .LVU155
 189:Core/Src/usart.c ****     /**UART5 GPIO Configuration
 497              		.loc 1 189 5 view .LVU156
 498              	.LBB4:
 189:Core/Src/usart.c ****     /**UART5 GPIO Configuration
 499              		.loc 1 189 5 view .LVU157
 189:Core/Src/usart.c ****     /**UART5 GPIO Configuration
 500              		.loc 1 189 5 view .LVU158
 501 0078 D3F8E020 		ldr	r2, [r3, #224]
 502 007c 42F00802 		orr	r2, r2, #8
ARM GAS  C:\Users\blue\AppData\Local\Temp\ccaXiXwP.s 			page 16


 503 0080 C3F8E020 		str	r2, [r3, #224]
 189:Core/Src/usart.c ****     /**UART5 GPIO Configuration
 504              		.loc 1 189 5 view .LVU159
 505 0084 D3F8E030 		ldr	r3, [r3, #224]
 506 0088 03F00803 		and	r3, r3, #8
 507 008c 0393     		str	r3, [sp, #12]
 189:Core/Src/usart.c ****     /**UART5 GPIO Configuration
 508              		.loc 1 189 5 view .LVU160
 509 008e 039B     		ldr	r3, [sp, #12]
 510              	.LBE4:
 189:Core/Src/usart.c ****     /**UART5 GPIO Configuration
 511              		.loc 1 189 5 view .LVU161
 194:Core/Src/usart.c ****     GPIO_InitStruct.Mode = GPIO_MODE_AF_PP;
 512              		.loc 1 194 5 view .LVU162
 194:Core/Src/usart.c ****     GPIO_InitStruct.Mode = GPIO_MODE_AF_PP;
 513              		.loc 1 194 25 is_stmt 0 view .LVU163
 514 0090 4FF48053 		mov	r3, #4096
 515 0094 3993     		str	r3, [sp, #228]
 195:Core/Src/usart.c ****     GPIO_InitStruct.Pull = GPIO_NOPULL;
 516              		.loc 1 195 5 is_stmt 1 view .LVU164
 195:Core/Src/usart.c ****     GPIO_InitStruct.Pull = GPIO_NOPULL;
 517              		.loc 1 195 26 is_stmt 0 view .LVU165
 518 0096 0224     		movs	r4, #2
 519              	.LVL30:
 195:Core/Src/usart.c ****     GPIO_InitStruct.Pull = GPIO_NOPULL;
 520              		.loc 1 195 26 view .LVU166
 521 0098 3A94     		str	r4, [sp, #232]
 196:Core/Src/usart.c ****     GPIO_InitStruct.Speed = GPIO_SPEED_FREQ_HIGH;
 522              		.loc 1 196 5 is_stmt 1 view .LVU167
 196:Core/Src/usart.c ****     GPIO_InitStruct.Speed = GPIO_SPEED_FREQ_HIGH;
 523              		.loc 1 196 26 is_stmt 0 view .LVU168
 524 009a 0025     		movs	r5, #0
 525 009c 3B95     		str	r5, [sp, #236]
 197:Core/Src/usart.c ****     GPIO_InitStruct.Alternate = GPIO_AF8_UART5;
 526              		.loc 1 197 5 is_stmt 1 view .LVU169
 197:Core/Src/usart.c ****     GPIO_InitStruct.Alternate = GPIO_AF8_UART5;
 527              		.loc 1 197 27 is_stmt 0 view .LVU170
 528 009e 3C94     		str	r4, [sp, #240]
 198:Core/Src/usart.c ****     HAL_GPIO_Init(MP3_UART5_TX_GPIO_Port, &GPIO_InitStruct);
 529              		.loc 1 198 5 is_stmt 1 view .LVU171
 198:Core/Src/usart.c ****     HAL_GPIO_Init(MP3_UART5_TX_GPIO_Port, &GPIO_InitStruct);
 530              		.loc 1 198 31 is_stmt 0 view .LVU172
 531 00a0 0826     		movs	r6, #8
 532 00a2 3D96     		str	r6, [sp, #244]
 199:Core/Src/usart.c **** 
 533              		.loc 1 199 5 is_stmt 1 view .LVU173
 534 00a4 39A9     		add	r1, sp, #228
 535 00a6 6748     		ldr	r0, .L55+16
 536 00a8 FFF7FEFF 		bl	HAL_GPIO_Init
 537              	.LVL31:
 201:Core/Src/usart.c ****     GPIO_InitStruct.Mode = GPIO_MODE_AF_PP;
 538              		.loc 1 201 5 view .LVU174
 201:Core/Src/usart.c ****     GPIO_InitStruct.Mode = GPIO_MODE_AF_PP;
 539              		.loc 1 201 25 is_stmt 0 view .LVU175
 540 00ac 0423     		movs	r3, #4
 541 00ae 3993     		str	r3, [sp, #228]
 202:Core/Src/usart.c ****     GPIO_InitStruct.Pull = GPIO_NOPULL;
ARM GAS  C:\Users\blue\AppData\Local\Temp\ccaXiXwP.s 			page 17


 542              		.loc 1 202 5 is_stmt 1 view .LVU176
 202:Core/Src/usart.c ****     GPIO_InitStruct.Pull = GPIO_NOPULL;
 543              		.loc 1 202 26 is_stmt 0 view .LVU177
 544 00b0 3A94     		str	r4, [sp, #232]
 203:Core/Src/usart.c ****     GPIO_InitStruct.Speed = GPIO_SPEED_FREQ_HIGH;
 545              		.loc 1 203 5 is_stmt 1 view .LVU178
 203:Core/Src/usart.c ****     GPIO_InitStruct.Speed = GPIO_SPEED_FREQ_HIGH;
 546              		.loc 1 203 26 is_stmt 0 view .LVU179
 547 00b2 3B95     		str	r5, [sp, #236]
 204:Core/Src/usart.c ****     GPIO_InitStruct.Alternate = GPIO_AF8_UART5;
 548              		.loc 1 204 5 is_stmt 1 view .LVU180
 204:Core/Src/usart.c ****     GPIO_InitStruct.Alternate = GPIO_AF8_UART5;
 549              		.loc 1 204 27 is_stmt 0 view .LVU181
 550 00b4 3C94     		str	r4, [sp, #240]
 205:Core/Src/usart.c ****     HAL_GPIO_Init(MP3_UART5_RX_GPIO_Port, &GPIO_InitStruct);
 551              		.loc 1 205 5 is_stmt 1 view .LVU182
 205:Core/Src/usart.c ****     HAL_GPIO_Init(MP3_UART5_RX_GPIO_Port, &GPIO_InitStruct);
 552              		.loc 1 205 31 is_stmt 0 view .LVU183
 553 00b6 3D96     		str	r6, [sp, #244]
 206:Core/Src/usart.c **** 
 554              		.loc 1 206 5 is_stmt 1 view .LVU184
 555 00b8 39A9     		add	r1, sp, #228
 556 00ba 6348     		ldr	r0, .L55+20
 557 00bc FFF7FEFF 		bl	HAL_GPIO_Init
 558              	.LVL32:
 209:Core/Src/usart.c ****     HAL_NVIC_EnableIRQ(UART5_IRQn);
 559              		.loc 1 209 5 view .LVU185
 560 00c0 2A46     		mov	r2, r5
 561 00c2 0521     		movs	r1, #5
 562 00c4 3520     		movs	r0, #53
 563 00c6 FFF7FEFF 		bl	HAL_NVIC_SetPriority
 564              	.LVL33:
 210:Core/Src/usart.c ****   /* USER CODE BEGIN UART5_MspInit 1 */
 565              		.loc 1 210 5 view .LVU186
 566 00ca 3520     		movs	r0, #53
 567 00cc FFF7FEFF 		bl	HAL_NVIC_EnableIRQ
 568              	.LVL34:
 569 00d0 AEE7     		b	.L37
 570              	.LVL35:
 571              	.L50:
 182:Core/Src/usart.c ****     }
 572              		.loc 1 182 7 view .LVU187
 573 00d2 FFF7FEFF 		bl	Error_Handler
 574              	.LVL36:
 575 00d6 B6E7     		b	.L39
 576              	.L48:
 223:Core/Src/usart.c ****     PeriphClkInitStruct.Usart234578ClockSelection = RCC_USART234578CLKSOURCE_D2PCLK1;
 577              		.loc 1 223 5 view .LVU188
 223:Core/Src/usart.c ****     PeriphClkInitStruct.Usart234578ClockSelection = RCC_USART234578CLKSOURCE_D2PCLK1;
 578              		.loc 1 223 46 is_stmt 0 view .LVU189
 579 00d8 0222     		movs	r2, #2
 580 00da 0023     		movs	r3, #0
 581 00dc CDE90823 		strd	r2, [sp, #32]
 224:Core/Src/usart.c ****     if (HAL_RCCEx_PeriphCLKConfig(&PeriphClkInitStruct) != HAL_OK)
 582              		.loc 1 224 5 is_stmt 1 view .LVU190
 225:Core/Src/usart.c ****     {
 583              		.loc 1 225 5 view .LVU191
ARM GAS  C:\Users\blue\AppData\Local\Temp\ccaXiXwP.s 			page 18


 225:Core/Src/usart.c ****     {
 584              		.loc 1 225 9 is_stmt 0 view .LVU192
 585 00e0 08A8     		add	r0, sp, #32
 586 00e2 FFF7FEFF 		bl	HAL_RCCEx_PeriphCLKConfig
 587              	.LVL37:
 225:Core/Src/usart.c ****     {
 588              		.loc 1 225 8 view .LVU193
 589 00e6 0028     		cmp	r0, #0
 590 00e8 46D1     		bne	.L51
 591              	.L42:
 231:Core/Src/usart.c **** 
 592              		.loc 1 231 5 is_stmt 1 view .LVU194
 593              	.LBB5:
 231:Core/Src/usart.c **** 
 594              		.loc 1 231 5 view .LVU195
 231:Core/Src/usart.c **** 
 595              		.loc 1 231 5 view .LVU196
 596 00ea 554B     		ldr	r3, .L55+12
 597 00ec D3F8E820 		ldr	r2, [r3, #232]
 598 00f0 42F40032 		orr	r2, r2, #131072
 599 00f4 C3F8E820 		str	r2, [r3, #232]
 231:Core/Src/usart.c **** 
 600              		.loc 1 231 5 view .LVU197
 601 00f8 D3F8E820 		ldr	r2, [r3, #232]
 602 00fc 02F40032 		and	r2, r2, #131072
 603 0100 0492     		str	r2, [sp, #16]
 231:Core/Src/usart.c **** 
 604              		.loc 1 231 5 view .LVU198
 605 0102 049A     		ldr	r2, [sp, #16]
 606              	.LBE5:
 231:Core/Src/usart.c **** 
 607              		.loc 1 231 5 view .LVU199
 233:Core/Src/usart.c ****     /**USART2 GPIO Configuration
 608              		.loc 1 233 5 view .LVU200
 609              	.LBB6:
 233:Core/Src/usart.c ****     /**USART2 GPIO Configuration
 610              		.loc 1 233 5 view .LVU201
 233:Core/Src/usart.c ****     /**USART2 GPIO Configuration
 611              		.loc 1 233 5 view .LVU202
 612 0104 D3F8E020 		ldr	r2, [r3, #224]
 613 0108 42F00802 		orr	r2, r2, #8
 614 010c C3F8E020 		str	r2, [r3, #224]
 233:Core/Src/usart.c ****     /**USART2 GPIO Configuration
 615              		.loc 1 233 5 view .LVU203
 616 0110 D3F8E030 		ldr	r3, [r3, #224]
 617 0114 03F00803 		and	r3, r3, #8
 618 0118 0593     		str	r3, [sp, #20]
 233:Core/Src/usart.c ****     /**USART2 GPIO Configuration
 619              		.loc 1 233 5 view .LVU204
 620 011a 059B     		ldr	r3, [sp, #20]
 621              	.LBE6:
 233:Core/Src/usart.c ****     /**USART2 GPIO Configuration
 622              		.loc 1 233 5 view .LVU205
 238:Core/Src/usart.c ****     GPIO_InitStruct.Mode = GPIO_MODE_AF_PP;
 623              		.loc 1 238 5 view .LVU206
 238:Core/Src/usart.c ****     GPIO_InitStruct.Mode = GPIO_MODE_AF_PP;
 624              		.loc 1 238 25 is_stmt 0 view .LVU207
ARM GAS  C:\Users\blue\AppData\Local\Temp\ccaXiXwP.s 			page 19


 625 011c 6023     		movs	r3, #96
 626 011e 3993     		str	r3, [sp, #228]
 239:Core/Src/usart.c ****     GPIO_InitStruct.Pull = GPIO_NOPULL;
 627              		.loc 1 239 5 is_stmt 1 view .LVU208
 239:Core/Src/usart.c ****     GPIO_InitStruct.Pull = GPIO_NOPULL;
 628              		.loc 1 239 26 is_stmt 0 view .LVU209
 629 0120 0223     		movs	r3, #2
 630 0122 3A93     		str	r3, [sp, #232]
 240:Core/Src/usart.c ****     GPIO_InitStruct.Speed = GPIO_SPEED_FREQ_HIGH;
 631              		.loc 1 240 5 is_stmt 1 view .LVU210
 240:Core/Src/usart.c ****     GPIO_InitStruct.Speed = GPIO_SPEED_FREQ_HIGH;
 632              		.loc 1 240 26 is_stmt 0 view .LVU211
 633 0124 0025     		movs	r5, #0
 634 0126 3B95     		str	r5, [sp, #236]
 241:Core/Src/usart.c ****     GPIO_InitStruct.Alternate = GPIO_AF7_USART2;
 635              		.loc 1 241 5 is_stmt 1 view .LVU212
 241:Core/Src/usart.c ****     GPIO_InitStruct.Alternate = GPIO_AF7_USART2;
 636              		.loc 1 241 27 is_stmt 0 view .LVU213
 637 0128 3C93     		str	r3, [sp, #240]
 242:Core/Src/usart.c ****     HAL_GPIO_Init(GPIOD, &GPIO_InitStruct);
 638              		.loc 1 242 5 is_stmt 1 view .LVU214
 242:Core/Src/usart.c ****     HAL_GPIO_Init(GPIOD, &GPIO_InitStruct);
 639              		.loc 1 242 31 is_stmt 0 view .LVU215
 640 012a 0723     		movs	r3, #7
 641 012c 3D93     		str	r3, [sp, #244]
 243:Core/Src/usart.c **** 
 642              		.loc 1 243 5 is_stmt 1 view .LVU216
 643 012e 39A9     		add	r1, sp, #228
 644 0130 4548     		ldr	r0, .L55+20
 645 0132 FFF7FEFF 		bl	HAL_GPIO_Init
 646              	.LVL38:
 247:Core/Src/usart.c ****     hdma_usart2_rx.Init.Request = DMA_REQUEST_USART2_RX;
 647              		.loc 1 247 5 view .LVU217
 247:Core/Src/usart.c ****     hdma_usart2_rx.Init.Request = DMA_REQUEST_USART2_RX;
 648              		.loc 1 247 29 is_stmt 0 view .LVU218
 649 0136 4548     		ldr	r0, .L55+24
 650 0138 454B     		ldr	r3, .L55+28
 651 013a 0360     		str	r3, [r0]
 248:Core/Src/usart.c ****     hdma_usart2_rx.Init.Direction = DMA_PERIPH_TO_MEMORY;
 652              		.loc 1 248 5 is_stmt 1 view .LVU219
 248:Core/Src/usart.c ****     hdma_usart2_rx.Init.Direction = DMA_PERIPH_TO_MEMORY;
 653              		.loc 1 248 33 is_stmt 0 view .LVU220
 654 013c 2B23     		movs	r3, #43
 655 013e 4360     		str	r3, [r0, #4]
 249:Core/Src/usart.c ****     hdma_usart2_rx.Init.PeriphInc = DMA_PINC_DISABLE;
 656              		.loc 1 249 5 is_stmt 1 view .LVU221
 249:Core/Src/usart.c ****     hdma_usart2_rx.Init.PeriphInc = DMA_PINC_DISABLE;
 657              		.loc 1 249 35 is_stmt 0 view .LVU222
 658 0140 8560     		str	r5, [r0, #8]
 250:Core/Src/usart.c ****     hdma_usart2_rx.Init.MemInc = DMA_MINC_ENABLE;
 659              		.loc 1 250 5 is_stmt 1 view .LVU223
 250:Core/Src/usart.c ****     hdma_usart2_rx.Init.MemInc = DMA_MINC_ENABLE;
 660              		.loc 1 250 35 is_stmt 0 view .LVU224
 661 0142 C560     		str	r5, [r0, #12]
 251:Core/Src/usart.c ****     hdma_usart2_rx.Init.PeriphDataAlignment = DMA_PDATAALIGN_BYTE;
 662              		.loc 1 251 5 is_stmt 1 view .LVU225
 251:Core/Src/usart.c ****     hdma_usart2_rx.Init.PeriphDataAlignment = DMA_PDATAALIGN_BYTE;
ARM GAS  C:\Users\blue\AppData\Local\Temp\ccaXiXwP.s 			page 20


 663              		.loc 1 251 32 is_stmt 0 view .LVU226
 664 0144 4FF48063 		mov	r3, #1024
 665 0148 0361     		str	r3, [r0, #16]
 252:Core/Src/usart.c ****     hdma_usart2_rx.Init.MemDataAlignment = DMA_MDATAALIGN_BYTE;
 666              		.loc 1 252 5 is_stmt 1 view .LVU227
 252:Core/Src/usart.c ****     hdma_usart2_rx.Init.MemDataAlignment = DMA_MDATAALIGN_BYTE;
 667              		.loc 1 252 45 is_stmt 0 view .LVU228
 668 014a 4561     		str	r5, [r0, #20]
 253:Core/Src/usart.c ****     hdma_usart2_rx.Init.Mode = DMA_NORMAL;
 669              		.loc 1 253 5 is_stmt 1 view .LVU229
 253:Core/Src/usart.c ****     hdma_usart2_rx.Init.Mode = DMA_NORMAL;
 670              		.loc 1 253 42 is_stmt 0 view .LVU230
 671 014c 8561     		str	r5, [r0, #24]
 254:Core/Src/usart.c ****     hdma_usart2_rx.Init.Priority = DMA_PRIORITY_VERY_HIGH;
 672              		.loc 1 254 5 is_stmt 1 view .LVU231
 254:Core/Src/usart.c ****     hdma_usart2_rx.Init.Priority = DMA_PRIORITY_VERY_HIGH;
 673              		.loc 1 254 30 is_stmt 0 view .LVU232
 674 014e C561     		str	r5, [r0, #28]
 255:Core/Src/usart.c ****     hdma_usart2_rx.Init.FIFOMode = DMA_FIFOMODE_DISABLE;
 675              		.loc 1 255 5 is_stmt 1 view .LVU233
 255:Core/Src/usart.c ****     hdma_usart2_rx.Init.FIFOMode = DMA_FIFOMODE_DISABLE;
 676              		.loc 1 255 34 is_stmt 0 view .LVU234
 677 0150 4FF44033 		mov	r3, #196608
 678 0154 0362     		str	r3, [r0, #32]
 256:Core/Src/usart.c ****     if (HAL_DMA_Init(&hdma_usart2_rx) != HAL_OK)
 679              		.loc 1 256 5 is_stmt 1 view .LVU235
 256:Core/Src/usart.c ****     if (HAL_DMA_Init(&hdma_usart2_rx) != HAL_OK)
 680              		.loc 1 256 34 is_stmt 0 view .LVU236
 681 0156 4562     		str	r5, [r0, #36]
 257:Core/Src/usart.c ****     {
 682              		.loc 1 257 5 is_stmt 1 view .LVU237
 257:Core/Src/usart.c ****     {
 683              		.loc 1 257 9 is_stmt 0 view .LVU238
 684 0158 FFF7FEFF 		bl	HAL_DMA_Init
 685              	.LVL39:
 257:Core/Src/usart.c ****     {
 686              		.loc 1 257 8 view .LVU239
 687 015c 78B9     		cbnz	r0, .L52
 688              	.L43:
 262:Core/Src/usart.c **** 
 689              		.loc 1 262 5 is_stmt 1 view .LVU240
 262:Core/Src/usart.c **** 
 690              		.loc 1 262 5 view .LVU241
 691 015e 3B4B     		ldr	r3, .L55+24
 692 0160 C4F88030 		str	r3, [r4, #128]
 262:Core/Src/usart.c **** 
 693              		.loc 1 262 5 view .LVU242
 694 0164 9C63     		str	r4, [r3, #56]
 262:Core/Src/usart.c **** 
 695              		.loc 1 262 5 view .LVU243
 265:Core/Src/usart.c ****     HAL_NVIC_EnableIRQ(USART2_IRQn);
 696              		.loc 1 265 5 view .LVU244
 697 0166 0022     		movs	r2, #0
 698 0168 0521     		movs	r1, #5
 699 016a 2620     		movs	r0, #38
 700 016c FFF7FEFF 		bl	HAL_NVIC_SetPriority
 701              	.LVL40:
ARM GAS  C:\Users\blue\AppData\Local\Temp\ccaXiXwP.s 			page 21


 266:Core/Src/usart.c ****   /* USER CODE BEGIN USART2_MspInit 1 */
 702              		.loc 1 266 5 view .LVU245
 703 0170 2620     		movs	r0, #38
 704 0172 FFF7FEFF 		bl	HAL_NVIC_EnableIRQ
 705              	.LVL41:
 706 0176 5BE7     		b	.L37
 707              	.L51:
 227:Core/Src/usart.c ****     }
 708              		.loc 1 227 7 view .LVU246
 709 0178 FFF7FEFF 		bl	Error_Handler
 710              	.LVL42:
 711 017c B5E7     		b	.L42
 712              	.L52:
 259:Core/Src/usart.c ****     }
 713              		.loc 1 259 7 view .LVU247
 714 017e FFF7FEFF 		bl	Error_Handler
 715              	.LVL43:
 716 0182 ECE7     		b	.L43
 717              	.L49:
 279:Core/Src/usart.c ****     PeriphClkInitStruct.Usart16ClockSelection = RCC_USART16CLKSOURCE_D2PCLK2;
 718              		.loc 1 279 5 view .LVU248
 279:Core/Src/usart.c ****     PeriphClkInitStruct.Usart16ClockSelection = RCC_USART16CLKSOURCE_D2PCLK2;
 719              		.loc 1 279 46 is_stmt 0 view .LVU249
 720 0184 0122     		movs	r2, #1
 721 0186 0023     		movs	r3, #0
 722 0188 CDE90823 		strd	r2, [sp, #32]
 280:Core/Src/usart.c ****     if (HAL_RCCEx_PeriphCLKConfig(&PeriphClkInitStruct) != HAL_OK)
 723              		.loc 1 280 5 is_stmt 1 view .LVU250
 281:Core/Src/usart.c ****     {
 724              		.loc 1 281 5 view .LVU251
 281:Core/Src/usart.c ****     {
 725              		.loc 1 281 9 is_stmt 0 view .LVU252
 726 018c 08A8     		add	r0, sp, #32
 727 018e FFF7FEFF 		bl	HAL_RCCEx_PeriphCLKConfig
 728              	.LVL44:
 281:Core/Src/usart.c ****     {
 729              		.loc 1 281 8 view .LVU253
 730 0192 0028     		cmp	r0, #0
 731 0194 47D1     		bne	.L53
 732              	.L44:
 287:Core/Src/usart.c **** 
 733              		.loc 1 287 5 is_stmt 1 view .LVU254
 734              	.LBB7:
 287:Core/Src/usart.c **** 
 735              		.loc 1 287 5 view .LVU255
 287:Core/Src/usart.c **** 
 736              		.loc 1 287 5 view .LVU256
 737 0196 2A4B     		ldr	r3, .L55+12
 738 0198 D3F8F020 		ldr	r2, [r3, #240]
 739 019c 42F02002 		orr	r2, r2, #32
 740 01a0 C3F8F020 		str	r2, [r3, #240]
 287:Core/Src/usart.c **** 
 741              		.loc 1 287 5 view .LVU257
 742 01a4 D3F8F020 		ldr	r2, [r3, #240]
 743 01a8 02F02002 		and	r2, r2, #32
 744 01ac 0692     		str	r2, [sp, #24]
 287:Core/Src/usart.c **** 
ARM GAS  C:\Users\blue\AppData\Local\Temp\ccaXiXwP.s 			page 22


 745              		.loc 1 287 5 view .LVU258
 746 01ae 069A     		ldr	r2, [sp, #24]
 747              	.LBE7:
 287:Core/Src/usart.c **** 
 748              		.loc 1 287 5 view .LVU259
 289:Core/Src/usart.c ****     /**USART6 GPIO Configuration
 749              		.loc 1 289 5 view .LVU260
 750              	.LBB8:
 289:Core/Src/usart.c ****     /**USART6 GPIO Configuration
 751              		.loc 1 289 5 view .LVU261
 289:Core/Src/usart.c ****     /**USART6 GPIO Configuration
 752              		.loc 1 289 5 view .LVU262
 753 01b0 D3F8E020 		ldr	r2, [r3, #224]
 754 01b4 42F04002 		orr	r2, r2, #64
 755 01b8 C3F8E020 		str	r2, [r3, #224]
 289:Core/Src/usart.c ****     /**USART6 GPIO Configuration
 756              		.loc 1 289 5 view .LVU263
 757 01bc D3F8E030 		ldr	r3, [r3, #224]
 758 01c0 03F04003 		and	r3, r3, #64
 759 01c4 0793     		str	r3, [sp, #28]
 289:Core/Src/usart.c ****     /**USART6 GPIO Configuration
 760              		.loc 1 289 5 view .LVU264
 761 01c6 079B     		ldr	r3, [sp, #28]
 762              	.LBE8:
 289:Core/Src/usart.c ****     /**USART6 GPIO Configuration
 763              		.loc 1 289 5 view .LVU265
 294:Core/Src/usart.c ****     GPIO_InitStruct.Mode = GPIO_MODE_AF_PP;
 764              		.loc 1 294 5 view .LVU266
 294:Core/Src/usart.c ****     GPIO_InitStruct.Mode = GPIO_MODE_AF_PP;
 765              		.loc 1 294 25 is_stmt 0 view .LVU267
 766 01c8 4FF48443 		mov	r3, #16896
 767 01cc 3993     		str	r3, [sp, #228]
 295:Core/Src/usart.c ****     GPIO_InitStruct.Pull = GPIO_NOPULL;
 768              		.loc 1 295 5 is_stmt 1 view .LVU268
 295:Core/Src/usart.c ****     GPIO_InitStruct.Pull = GPIO_NOPULL;
 769              		.loc 1 295 26 is_stmt 0 view .LVU269
 770 01ce 0223     		movs	r3, #2
 771 01d0 3A93     		str	r3, [sp, #232]
 296:Core/Src/usart.c ****     GPIO_InitStruct.Speed = GPIO_SPEED_FREQ_HIGH;
 772              		.loc 1 296 5 is_stmt 1 view .LVU270
 296:Core/Src/usart.c ****     GPIO_InitStruct.Speed = GPIO_SPEED_FREQ_HIGH;
 773              		.loc 1 296 26 is_stmt 0 view .LVU271
 774 01d2 0025     		movs	r5, #0
 775 01d4 3B95     		str	r5, [sp, #236]
 297:Core/Src/usart.c ****     GPIO_InitStruct.Alternate = GPIO_AF7_USART6;
 776              		.loc 1 297 5 is_stmt 1 view .LVU272
 297:Core/Src/usart.c ****     GPIO_InitStruct.Alternate = GPIO_AF7_USART6;
 777              		.loc 1 297 27 is_stmt 0 view .LVU273
 778 01d6 3C93     		str	r3, [sp, #240]
 298:Core/Src/usart.c ****     HAL_GPIO_Init(GPIOG, &GPIO_InitStruct);
 779              		.loc 1 298 5 is_stmt 1 view .LVU274
 298:Core/Src/usart.c ****     HAL_GPIO_Init(GPIOG, &GPIO_InitStruct);
 780              		.loc 1 298 31 is_stmt 0 view .LVU275
 781 01d8 0723     		movs	r3, #7
 782 01da 3D93     		str	r3, [sp, #244]
 299:Core/Src/usart.c **** 
 783              		.loc 1 299 5 is_stmt 1 view .LVU276
ARM GAS  C:\Users\blue\AppData\Local\Temp\ccaXiXwP.s 			page 23


 784 01dc 39A9     		add	r1, sp, #228
 785 01de 1D48     		ldr	r0, .L55+32
 786 01e0 FFF7FEFF 		bl	HAL_GPIO_Init
 787              	.LVL45:
 303:Core/Src/usart.c ****     hdma_usart6_rx.Init.Request = DMA_REQUEST_USART6_RX;
 788              		.loc 1 303 5 view .LVU277
 303:Core/Src/usart.c ****     hdma_usart6_rx.Init.Request = DMA_REQUEST_USART6_RX;
 789              		.loc 1 303 29 is_stmt 0 view .LVU278
 790 01e4 1C48     		ldr	r0, .L55+36
 791 01e6 1D4B     		ldr	r3, .L55+40
 792 01e8 0360     		str	r3, [r0]
 304:Core/Src/usart.c ****     hdma_usart6_rx.Init.Direction = DMA_PERIPH_TO_MEMORY;
 793              		.loc 1 304 5 is_stmt 1 view .LVU279
 304:Core/Src/usart.c ****     hdma_usart6_rx.Init.Direction = DMA_PERIPH_TO_MEMORY;
 794              		.loc 1 304 33 is_stmt 0 view .LVU280
 795 01ea 4723     		movs	r3, #71
 796 01ec 4360     		str	r3, [r0, #4]
 305:Core/Src/usart.c ****     hdma_usart6_rx.Init.PeriphInc = DMA_PINC_DISABLE;
 797              		.loc 1 305 5 is_stmt 1 view .LVU281
 305:Core/Src/usart.c ****     hdma_usart6_rx.Init.PeriphInc = DMA_PINC_DISABLE;
 798              		.loc 1 305 35 is_stmt 0 view .LVU282
 799 01ee 8560     		str	r5, [r0, #8]
 306:Core/Src/usart.c ****     hdma_usart6_rx.Init.MemInc = DMA_MINC_ENABLE;
 800              		.loc 1 306 5 is_stmt 1 view .LVU283
 306:Core/Src/usart.c ****     hdma_usart6_rx.Init.MemInc = DMA_MINC_ENABLE;
 801              		.loc 1 306 35 is_stmt 0 view .LVU284
 802 01f0 C560     		str	r5, [r0, #12]
 307:Core/Src/usart.c ****     hdma_usart6_rx.Init.PeriphDataAlignment = DMA_PDATAALIGN_BYTE;
 803              		.loc 1 307 5 is_stmt 1 view .LVU285
 307:Core/Src/usart.c ****     hdma_usart6_rx.Init.PeriphDataAlignment = DMA_PDATAALIGN_BYTE;
 804              		.loc 1 307 32 is_stmt 0 view .LVU286
 805 01f2 4FF48063 		mov	r3, #1024
 806 01f6 0361     		str	r3, [r0, #16]
 308:Core/Src/usart.c ****     hdma_usart6_rx.Init.MemDataAlignment = DMA_MDATAALIGN_BYTE;
 807              		.loc 1 308 5 is_stmt 1 view .LVU287
 308:Core/Src/usart.c ****     hdma_usart6_rx.Init.MemDataAlignment = DMA_MDATAALIGN_BYTE;
 808              		.loc 1 308 45 is_stmt 0 view .LVU288
 809 01f8 4561     		str	r5, [r0, #20]
 309:Core/Src/usart.c ****     hdma_usart6_rx.Init.Mode = DMA_NORMAL;
 810              		.loc 1 309 5 is_stmt 1 view .LVU289
 309:Core/Src/usart.c ****     hdma_usart6_rx.Init.Mode = DMA_NORMAL;
 811              		.loc 1 309 42 is_stmt 0 view .LVU290
 812 01fa 8561     		str	r5, [r0, #24]
 310:Core/Src/usart.c ****     hdma_usart6_rx.Init.Priority = DMA_PRIORITY_VERY_HIGH;
 813              		.loc 1 310 5 is_stmt 1 view .LVU291
 310:Core/Src/usart.c ****     hdma_usart6_rx.Init.Priority = DMA_PRIORITY_VERY_HIGH;
 814              		.loc 1 310 30 is_stmt 0 view .LVU292
 815 01fc C561     		str	r5, [r0, #28]
 311:Core/Src/usart.c ****     hdma_usart6_rx.Init.FIFOMode = DMA_FIFOMODE_DISABLE;
 816              		.loc 1 311 5 is_stmt 1 view .LVU293
 311:Core/Src/usart.c ****     hdma_usart6_rx.Init.FIFOMode = DMA_FIFOMODE_DISABLE;
 817              		.loc 1 311 34 is_stmt 0 view .LVU294
 818 01fe 4FF44033 		mov	r3, #196608
 819 0202 0362     		str	r3, [r0, #32]
 312:Core/Src/usart.c ****     if (HAL_DMA_Init(&hdma_usart6_rx) != HAL_OK)
 820              		.loc 1 312 5 is_stmt 1 view .LVU295
 312:Core/Src/usart.c ****     if (HAL_DMA_Init(&hdma_usart6_rx) != HAL_OK)
ARM GAS  C:\Users\blue\AppData\Local\Temp\ccaXiXwP.s 			page 24


 821              		.loc 1 312 34 is_stmt 0 view .LVU296
 822 0204 4562     		str	r5, [r0, #36]
 313:Core/Src/usart.c ****     {
 823              		.loc 1 313 5 is_stmt 1 view .LVU297
 313:Core/Src/usart.c ****     {
 824              		.loc 1 313 9 is_stmt 0 view .LVU298
 825 0206 FFF7FEFF 		bl	HAL_DMA_Init
 826              	.LVL46:
 313:Core/Src/usart.c ****     {
 827              		.loc 1 313 8 view .LVU299
 828 020a 78B9     		cbnz	r0, .L54
 829              	.L45:
 318:Core/Src/usart.c **** 
 830              		.loc 1 318 5 is_stmt 1 view .LVU300
 318:Core/Src/usart.c **** 
 831              		.loc 1 318 5 view .LVU301
 832 020c 124B     		ldr	r3, .L55+36
 833 020e C4F88030 		str	r3, [r4, #128]
 318:Core/Src/usart.c **** 
 834              		.loc 1 318 5 view .LVU302
 835 0212 9C63     		str	r4, [r3, #56]
 318:Core/Src/usart.c **** 
 836              		.loc 1 318 5 view .LVU303
 321:Core/Src/usart.c ****     HAL_NVIC_EnableIRQ(USART6_IRQn);
 837              		.loc 1 321 5 view .LVU304
 838 0214 0022     		movs	r2, #0
 839 0216 0521     		movs	r1, #5
 840 0218 4720     		movs	r0, #71
 841 021a FFF7FEFF 		bl	HAL_NVIC_SetPriority
 842              	.LVL47:
 322:Core/Src/usart.c ****   /* USER CODE BEGIN USART6_MspInit 1 */
 843              		.loc 1 322 5 view .LVU305
 844 021e 4720     		movs	r0, #71
 845 0220 FFF7FEFF 		bl	HAL_NVIC_EnableIRQ
 846              	.LVL48:
 847              		.loc 1 327 1 is_stmt 0 view .LVU306
 848 0224 04E7     		b	.L37
 849              	.L53:
 283:Core/Src/usart.c ****     }
 850              		.loc 1 283 7 is_stmt 1 view .LVU307
 851 0226 FFF7FEFF 		bl	Error_Handler
 852              	.LVL49:
 853 022a B4E7     		b	.L44
 854              	.L54:
 315:Core/Src/usart.c ****     }
 855              		.loc 1 315 7 view .LVU308
 856 022c FFF7FEFF 		bl	Error_Handler
 857              	.LVL50:
 858 0230 ECE7     		b	.L45
 859              	.L56:
 860 0232 00BF     		.align	2
 861              	.L55:
 862 0234 00500040 		.word	1073762304
 863 0238 00440040 		.word	1073759232
 864 023c 00140140 		.word	1073812480
 865 0240 00440258 		.word	1476543488
 866 0244 00080258 		.word	1476528128
ARM GAS  C:\Users\blue\AppData\Local\Temp\ccaXiXwP.s 			page 25


 867 0248 000C0258 		.word	1476529152
 868 024c 00000000 		.word	.LANCHOR3
 869 0250 10000240 		.word	1073872912
 870 0254 00180258 		.word	1476532224
 871 0258 00000000 		.word	.LANCHOR4
 872 025c 28000240 		.word	1073872936
 873              		.cfi_endproc
 874              	.LFE147:
 876              		.section	.text.HAL_UART_MspDeInit,"ax",%progbits
 877              		.align	1
 878              		.global	HAL_UART_MspDeInit
 879              		.syntax unified
 880              		.thumb
 881              		.thumb_func
 883              	HAL_UART_MspDeInit:
 884              	.LVL51:
 885              	.LFB148:
 328:Core/Src/usart.c **** 
 329:Core/Src/usart.c **** void HAL_UART_MspDeInit(UART_HandleTypeDef* uartHandle)
 330:Core/Src/usart.c **** {
 886              		.loc 1 330 1 view -0
 887              		.cfi_startproc
 888              		@ args = 0, pretend = 0, frame = 0
 889              		@ frame_needed = 0, uses_anonymous_args = 0
 890              		.loc 1 330 1 is_stmt 0 view .LVU310
 891 0000 10B5     		push	{r4, lr}
 892              	.LCFI7:
 893              		.cfi_def_cfa_offset 8
 894              		.cfi_offset 4, -8
 895              		.cfi_offset 14, -4
 331:Core/Src/usart.c **** 
 332:Core/Src/usart.c ****   if(uartHandle->Instance==UART5)
 896              		.loc 1 332 3 is_stmt 1 view .LVU311
 897              		.loc 1 332 16 is_stmt 0 view .LVU312
 898 0002 0368     		ldr	r3, [r0]
 899              		.loc 1 332 5 view .LVU313
 900 0004 224A     		ldr	r2, .L65
 901 0006 9342     		cmp	r3, r2
 902 0008 07D0     		beq	.L62
 903 000a 0446     		mov	r4, r0
 333:Core/Src/usart.c ****   {
 334:Core/Src/usart.c ****   /* USER CODE BEGIN UART5_MspDeInit 0 */
 335:Core/Src/usart.c **** 
 336:Core/Src/usart.c ****   /* USER CODE END UART5_MspDeInit 0 */
 337:Core/Src/usart.c ****     /* Peripheral clock disable */
 338:Core/Src/usart.c ****     __HAL_RCC_UART5_CLK_DISABLE();
 339:Core/Src/usart.c **** 
 340:Core/Src/usart.c ****     /**UART5 GPIO Configuration
 341:Core/Src/usart.c ****     PC12     ------> UART5_TX
 342:Core/Src/usart.c ****     PD2     ------> UART5_RX
 343:Core/Src/usart.c ****     */
 344:Core/Src/usart.c ****     HAL_GPIO_DeInit(MP3_UART5_TX_GPIO_Port, MP3_UART5_TX_Pin);
 345:Core/Src/usart.c **** 
 346:Core/Src/usart.c ****     HAL_GPIO_DeInit(MP3_UART5_RX_GPIO_Port, MP3_UART5_RX_Pin);
 347:Core/Src/usart.c **** 
 348:Core/Src/usart.c ****     /* UART5 interrupt Deinit */
 349:Core/Src/usart.c ****     HAL_NVIC_DisableIRQ(UART5_IRQn);
ARM GAS  C:\Users\blue\AppData\Local\Temp\ccaXiXwP.s 			page 26


 350:Core/Src/usart.c ****   /* USER CODE BEGIN UART5_MspDeInit 1 */
 351:Core/Src/usart.c **** 
 352:Core/Src/usart.c ****   /* USER CODE END UART5_MspDeInit 1 */
 353:Core/Src/usart.c ****   }
 354:Core/Src/usart.c ****   else if(uartHandle->Instance==USART2)
 904              		.loc 1 354 8 is_stmt 1 view .LVU314
 905              		.loc 1 354 10 is_stmt 0 view .LVU315
 906 000c 214A     		ldr	r2, .L65+4
 907 000e 9342     		cmp	r3, r2
 908 0010 17D0     		beq	.L63
 355:Core/Src/usart.c ****   {
 356:Core/Src/usart.c ****   /* USER CODE BEGIN USART2_MspDeInit 0 */
 357:Core/Src/usart.c **** 
 358:Core/Src/usart.c ****   /* USER CODE END USART2_MspDeInit 0 */
 359:Core/Src/usart.c ****     /* Peripheral clock disable */
 360:Core/Src/usart.c ****     __HAL_RCC_USART2_CLK_DISABLE();
 361:Core/Src/usart.c **** 
 362:Core/Src/usart.c ****     /**USART2 GPIO Configuration
 363:Core/Src/usart.c ****     PD5     ------> USART2_TX
 364:Core/Src/usart.c ****     PD6     ------> USART2_RX
 365:Core/Src/usart.c ****     */
 366:Core/Src/usart.c ****     HAL_GPIO_DeInit(GPIOD, GPIO_PIN_5|GPIO_PIN_6);
 367:Core/Src/usart.c **** 
 368:Core/Src/usart.c ****     /* USART2 DMA DeInit */
 369:Core/Src/usart.c ****     HAL_DMA_DeInit(uartHandle->hdmarx);
 370:Core/Src/usart.c **** 
 371:Core/Src/usart.c ****     /* USART2 interrupt Deinit */
 372:Core/Src/usart.c ****     HAL_NVIC_DisableIRQ(USART2_IRQn);
 373:Core/Src/usart.c ****   /* USER CODE BEGIN USART2_MspDeInit 1 */
 374:Core/Src/usart.c **** 
 375:Core/Src/usart.c ****   /* USER CODE END USART2_MspDeInit 1 */
 376:Core/Src/usart.c ****   }
 377:Core/Src/usart.c ****   else if(uartHandle->Instance==USART6)
 909              		.loc 1 377 8 is_stmt 1 view .LVU316
 910              		.loc 1 377 10 is_stmt 0 view .LVU317
 911 0012 214A     		ldr	r2, .L65+8
 912 0014 9342     		cmp	r3, r2
 913 0016 27D0     		beq	.L64
 914              	.LVL52:
 915              	.L57:
 378:Core/Src/usart.c ****   {
 379:Core/Src/usart.c ****   /* USER CODE BEGIN USART6_MspDeInit 0 */
 380:Core/Src/usart.c **** 
 381:Core/Src/usart.c ****   /* USER CODE END USART6_MspDeInit 0 */
 382:Core/Src/usart.c ****     /* Peripheral clock disable */
 383:Core/Src/usart.c ****     __HAL_RCC_USART6_CLK_DISABLE();
 384:Core/Src/usart.c **** 
 385:Core/Src/usart.c ****     /**USART6 GPIO Configuration
 386:Core/Src/usart.c ****     PG9     ------> USART6_RX
 387:Core/Src/usart.c ****     PG14     ------> USART6_TX
 388:Core/Src/usart.c ****     */
 389:Core/Src/usart.c ****     HAL_GPIO_DeInit(GPIOG, GPIO_PIN_9|GPIO_PIN_14);
 390:Core/Src/usart.c **** 
 391:Core/Src/usart.c ****     /* USART6 DMA DeInit */
 392:Core/Src/usart.c ****     HAL_DMA_DeInit(uartHandle->hdmarx);
 393:Core/Src/usart.c **** 
 394:Core/Src/usart.c ****     /* USART6 interrupt Deinit */
ARM GAS  C:\Users\blue\AppData\Local\Temp\ccaXiXwP.s 			page 27


 395:Core/Src/usart.c ****     HAL_NVIC_DisableIRQ(USART6_IRQn);
 396:Core/Src/usart.c ****   /* USER CODE BEGIN USART6_MspDeInit 1 */
 397:Core/Src/usart.c **** 
 398:Core/Src/usart.c ****   /* USER CODE END USART6_MspDeInit 1 */
 399:Core/Src/usart.c ****   }
 400:Core/Src/usart.c **** }
 916              		.loc 1 400 1 view .LVU318
 917 0018 10BD     		pop	{r4, pc}
 918              	.LVL53:
 919              	.L62:
 338:Core/Src/usart.c **** 
 920              		.loc 1 338 5 is_stmt 1 view .LVU319
 921 001a 204A     		ldr	r2, .L65+12
 922 001c D2F8E830 		ldr	r3, [r2, #232]
 923 0020 23F48013 		bic	r3, r3, #1048576
 924 0024 C2F8E830 		str	r3, [r2, #232]
 344:Core/Src/usart.c **** 
 925              		.loc 1 344 5 view .LVU320
 926 0028 4FF48051 		mov	r1, #4096
 927 002c 1C48     		ldr	r0, .L65+16
 928              	.LVL54:
 344:Core/Src/usart.c **** 
 929              		.loc 1 344 5 is_stmt 0 view .LVU321
 930 002e FFF7FEFF 		bl	HAL_GPIO_DeInit
 931              	.LVL55:
 346:Core/Src/usart.c **** 
 932              		.loc 1 346 5 is_stmt 1 view .LVU322
 933 0032 0421     		movs	r1, #4
 934 0034 1B48     		ldr	r0, .L65+20
 935 0036 FFF7FEFF 		bl	HAL_GPIO_DeInit
 936              	.LVL56:
 349:Core/Src/usart.c ****   /* USER CODE BEGIN UART5_MspDeInit 1 */
 937              		.loc 1 349 5 view .LVU323
 938 003a 3520     		movs	r0, #53
 939 003c FFF7FEFF 		bl	HAL_NVIC_DisableIRQ
 940              	.LVL57:
 941 0040 EAE7     		b	.L57
 942              	.LVL58:
 943              	.L63:
 360:Core/Src/usart.c **** 
 944              		.loc 1 360 5 view .LVU324
 945 0042 164A     		ldr	r2, .L65+12
 946 0044 D2F8E830 		ldr	r3, [r2, #232]
 947 0048 23F40033 		bic	r3, r3, #131072
 948 004c C2F8E830 		str	r3, [r2, #232]
 366:Core/Src/usart.c **** 
 949              		.loc 1 366 5 view .LVU325
 950 0050 6021     		movs	r1, #96
 951 0052 1448     		ldr	r0, .L65+20
 952              	.LVL59:
 366:Core/Src/usart.c **** 
 953              		.loc 1 366 5 is_stmt 0 view .LVU326
 954 0054 FFF7FEFF 		bl	HAL_GPIO_DeInit
 955              	.LVL60:
 369:Core/Src/usart.c **** 
 956              		.loc 1 369 5 is_stmt 1 view .LVU327
 957 0058 D4F88000 		ldr	r0, [r4, #128]
ARM GAS  C:\Users\blue\AppData\Local\Temp\ccaXiXwP.s 			page 28


 958 005c FFF7FEFF 		bl	HAL_DMA_DeInit
 959              	.LVL61:
 372:Core/Src/usart.c ****   /* USER CODE BEGIN USART2_MspDeInit 1 */
 960              		.loc 1 372 5 view .LVU328
 961 0060 2620     		movs	r0, #38
 962 0062 FFF7FEFF 		bl	HAL_NVIC_DisableIRQ
 963              	.LVL62:
 964 0066 D7E7     		b	.L57
 965              	.LVL63:
 966              	.L64:
 383:Core/Src/usart.c **** 
 967              		.loc 1 383 5 view .LVU329
 968 0068 0C4A     		ldr	r2, .L65+12
 969 006a D2F8F030 		ldr	r3, [r2, #240]
 970 006e 23F02003 		bic	r3, r3, #32
 971 0072 C2F8F030 		str	r3, [r2, #240]
 389:Core/Src/usart.c **** 
 972              		.loc 1 389 5 view .LVU330
 973 0076 4FF48441 		mov	r1, #16896
 974 007a 0B48     		ldr	r0, .L65+24
 975              	.LVL64:
 389:Core/Src/usart.c **** 
 976              		.loc 1 389 5 is_stmt 0 view .LVU331
 977 007c FFF7FEFF 		bl	HAL_GPIO_DeInit
 978              	.LVL65:
 392:Core/Src/usart.c **** 
 979              		.loc 1 392 5 is_stmt 1 view .LVU332
 980 0080 D4F88000 		ldr	r0, [r4, #128]
 981 0084 FFF7FEFF 		bl	HAL_DMA_DeInit
 982              	.LVL66:
 395:Core/Src/usart.c ****   /* USER CODE BEGIN USART6_MspDeInit 1 */
 983              		.loc 1 395 5 view .LVU333
 984 0088 4720     		movs	r0, #71
 985 008a FFF7FEFF 		bl	HAL_NVIC_DisableIRQ
 986              	.LVL67:
 987              		.loc 1 400 1 is_stmt 0 view .LVU334
 988 008e C3E7     		b	.L57
 989              	.L66:
 990              		.align	2
 991              	.L65:
 992 0090 00500040 		.word	1073762304
 993 0094 00440040 		.word	1073759232
 994 0098 00140140 		.word	1073812480
 995 009c 00440258 		.word	1476543488
 996 00a0 00080258 		.word	1476528128
 997 00a4 000C0258 		.word	1476529152
 998 00a8 00180258 		.word	1476532224
 999              		.cfi_endproc
 1000              	.LFE148:
 1002              		.global	hdma_usart6_rx
 1003              		.global	hdma_usart2_rx
 1004              		.global	huart6
 1005              		.global	huart2
 1006              		.global	huart5
 1007              		.section	.bss.hdma_usart2_rx,"aw",%nobits
 1008              		.align	2
 1009              		.set	.LANCHOR3,. + 0
ARM GAS  C:\Users\blue\AppData\Local\Temp\ccaXiXwP.s 			page 29


 1012              	hdma_usart2_rx:
 1013 0000 00000000 		.space	120
 1013      00000000 
 1013      00000000 
 1013      00000000 
 1013      00000000 
 1014              		.section	.bss.hdma_usart6_rx,"aw",%nobits
 1015              		.align	2
 1016              		.set	.LANCHOR4,. + 0
 1019              	hdma_usart6_rx:
 1020 0000 00000000 		.space	120
 1020      00000000 
 1020      00000000 
 1020      00000000 
 1020      00000000 
 1021              		.section	.bss.huart2,"aw",%nobits
 1022              		.align	2
 1023              		.set	.LANCHOR1,. + 0
 1026              	huart2:
 1027 0000 00000000 		.space	148
 1027      00000000 
 1027      00000000 
 1027      00000000 
 1027      00000000 
 1028              		.section	.bss.huart5,"aw",%nobits
 1029              		.align	2
 1030              		.set	.LANCHOR0,. + 0
 1033              	huart5:
 1034 0000 00000000 		.space	148
 1034      00000000 
 1034      00000000 
 1034      00000000 
 1034      00000000 
 1035              		.section	.bss.huart6,"aw",%nobits
 1036              		.align	2
 1037              		.set	.LANCHOR2,. + 0
 1040              	huart6:
 1041 0000 00000000 		.space	148
 1041      00000000 
 1041      00000000 
 1041      00000000 
 1041      00000000 
 1042              		.text
 1043              	.Letext0:
 1044              		.file 2 "d:\\rm\\arm-gnu-toolchian\\arm-none-eabi\\include\\machine\\_default_types.h"
 1045              		.file 3 "d:\\rm\\arm-gnu-toolchian\\arm-none-eabi\\include\\sys\\_stdint.h"
 1046              		.file 4 "Drivers/CMSIS/Device/ST/STM32H7xx/Include/stm32h743xx.h"
 1047              		.file 5 "Drivers/STM32H7xx_HAL_Driver/Inc/stm32h7xx_hal_def.h"
 1048              		.file 6 "Drivers/STM32H7xx_HAL_Driver/Inc/stm32h7xx_hal_rcc_ex.h"
 1049              		.file 7 "Drivers/STM32H7xx_HAL_Driver/Inc/stm32h7xx_hal_gpio.h"
 1050              		.file 8 "Drivers/STM32H7xx_HAL_Driver/Inc/stm32h7xx_hal_dma.h"
 1051              		.file 9 "Drivers/STM32H7xx_HAL_Driver/Inc/stm32h7xx_hal_uart.h"
 1052              		.file 10 "Core/Inc/usart.h"
 1053              		.file 11 "Drivers/STM32H7xx_HAL_Driver/Inc/stm32h7xx_hal_cortex.h"
 1054              		.file 12 "Core/Inc/main.h"
 1055              		.file 13 "Drivers/STM32H7xx_HAL_Driver/Inc/stm32h7xx_hal_uart_ex.h"
 1056              		.file 14 "<built-in>"
ARM GAS  C:\Users\blue\AppData\Local\Temp\ccaXiXwP.s 			page 30


ARM GAS  C:\Users\blue\AppData\Local\Temp\ccaXiXwP.s 			page 31


DEFINED SYMBOLS
                            *ABS*:00000000 usart.c
C:\Users\blue\AppData\Local\Temp\ccaXiXwP.s:19     .text.MX_UART5_Init:00000000 $t
C:\Users\blue\AppData\Local\Temp\ccaXiXwP.s:25     .text.MX_UART5_Init:00000000 MX_UART5_Init
C:\Users\blue\AppData\Local\Temp\ccaXiXwP.s:134    .text.MX_UART5_Init:00000060 $d
C:\Users\blue\AppData\Local\Temp\ccaXiXwP.s:140    .text.MX_USART2_UART_Init:00000000 $t
C:\Users\blue\AppData\Local\Temp\ccaXiXwP.s:146    .text.MX_USART2_UART_Init:00000000 MX_USART2_UART_Init
C:\Users\blue\AppData\Local\Temp\ccaXiXwP.s:254    .text.MX_USART2_UART_Init:00000060 $d
C:\Users\blue\AppData\Local\Temp\ccaXiXwP.s:260    .text.MX_USART6_UART_Init:00000000 $t
C:\Users\blue\AppData\Local\Temp\ccaXiXwP.s:266    .text.MX_USART6_UART_Init:00000000 MX_USART6_UART_Init
C:\Users\blue\AppData\Local\Temp\ccaXiXwP.s:374    .text.MX_USART6_UART_Init:00000060 $d
C:\Users\blue\AppData\Local\Temp\ccaXiXwP.s:380    .text.HAL_UART_MspInit:00000000 $t
C:\Users\blue\AppData\Local\Temp\ccaXiXwP.s:386    .text.HAL_UART_MspInit:00000000 HAL_UART_MspInit
C:\Users\blue\AppData\Local\Temp\ccaXiXwP.s:862    .text.HAL_UART_MspInit:00000234 $d
C:\Users\blue\AppData\Local\Temp\ccaXiXwP.s:877    .text.HAL_UART_MspDeInit:00000000 $t
C:\Users\blue\AppData\Local\Temp\ccaXiXwP.s:883    .text.HAL_UART_MspDeInit:00000000 HAL_UART_MspDeInit
C:\Users\blue\AppData\Local\Temp\ccaXiXwP.s:992    .text.HAL_UART_MspDeInit:00000090 $d
C:\Users\blue\AppData\Local\Temp\ccaXiXwP.s:1019   .bss.hdma_usart6_rx:00000000 hdma_usart6_rx
C:\Users\blue\AppData\Local\Temp\ccaXiXwP.s:1012   .bss.hdma_usart2_rx:00000000 hdma_usart2_rx
C:\Users\blue\AppData\Local\Temp\ccaXiXwP.s:1040   .bss.huart6:00000000 huart6
C:\Users\blue\AppData\Local\Temp\ccaXiXwP.s:1026   .bss.huart2:00000000 huart2
C:\Users\blue\AppData\Local\Temp\ccaXiXwP.s:1033   .bss.huart5:00000000 huart5
C:\Users\blue\AppData\Local\Temp\ccaXiXwP.s:1008   .bss.hdma_usart2_rx:00000000 $d
C:\Users\blue\AppData\Local\Temp\ccaXiXwP.s:1015   .bss.hdma_usart6_rx:00000000 $d
C:\Users\blue\AppData\Local\Temp\ccaXiXwP.s:1022   .bss.huart2:00000000 $d
C:\Users\blue\AppData\Local\Temp\ccaXiXwP.s:1029   .bss.huart5:00000000 $d
C:\Users\blue\AppData\Local\Temp\ccaXiXwP.s:1036   .bss.huart6:00000000 $d

UNDEFINED SYMBOLS
HAL_UART_Init
HAL_UARTEx_SetTxFifoThreshold
HAL_UARTEx_SetRxFifoThreshold
HAL_UARTEx_DisableFifoMode
Error_Handler
memset
HAL_RCCEx_PeriphCLKConfig
HAL_GPIO_Init
HAL_NVIC_SetPriority
HAL_NVIC_EnableIRQ
HAL_DMA_Init
HAL_GPIO_DeInit
HAL_NVIC_DisableIRQ
HAL_DMA_DeInit
